{"meta": {"format": 3, "version": "7.15.4", "timestamp": "2026-08-30T08:59:02.189963", "branch_coverage": false, "show_contexts": false}, "files": {"src/aegistwin/__init__.py": {"executed_lines": [3], "summary": {"covered_lines": 1, "num_statements": 1, "percent_covered": 100.0, "percent_covered_display": "100", "missing_lines": 0, "excluded_lines": 0, "percent_statements_covered": 100.0, "percent_statements_covered_display": "100"}, "missing_lines": [], "excluded_lines": [], "functions": {"": {"executed_lines": [3], "summary": {"covered_lines": 1, "num_statements": 1, "percent_covered": 100.0, "percent_covered_display": "100", "missing_lines": 0, "excluded_lines": 0, "percent_statements_covered": 100.0, "percent_statements_covered_display": "100"}, "missing_lines": [], "excluded_lines": [], "start_line": 1}}, "classes": {"": {"executed_lines": [3], "summary": {"covered_lines": 1, "num_statements": 1, "percent_covered": 100.0, "percent_covered_display": "100", "missing_lines": 0, "excluded_lines": 0, "percent_statements_covered": 100.0, "percent_statements_covered_display": "100"}, "missing_lines": [], "excluded_lines": [], "start_line": 1}}}, "src/aegistwin/agent.py": {"executed_lines": [1, 3, 4, 5, 6, 8, 9, 12, 13, 16, 17, 18, 19, 20, 21, 22, 26, 29, 30, 45, 52, 53, 58, 60, 61, 62, 63, 64, 65, 71, 73, 74, 75, 76, 77, 78, 79, 81, 82, 87, 88, 90, 95, 99, 102, 108, 109, 115, 121, 123, 124, 125, 126, 127, 128, 129, 131, 132, 139, 158, 161, 164, 174], "summary": {"covered_lines": 63, "num_statements": 70, "percent_covered": 90.0, "percent_covered_display": "90", "missing_lines": 7, "excluded_lines": 0, "percent_statements_covered": 90.0, "percent_statements_covered_display": "90"}, "missing_lines": [162, 165, 166, 172, 179, 180, 181], "excluded_lines": [], "functions": {"_clamp": {"executed_lines": [13], "summary": {"covered_lines": 1, "num_statements": 1, "percent_covered": 100.0, "percent_covered_display": "100", "missing_lines": 0, "excluded_lines": 0, "percent_statements_covered": 100.0, "percent_statements_covered_display": "100"}, "missing_lines": [], "excluded_lines": [], "start_line": 12}, "_haversine_km": {"executed_lines": [17, 18, 19, 20, 21, 22, 26], "summary": {"covered_lines": 7, "num_statements": 7, "percent_covered": 100.0, "percent_covered_display": "100", "missing_lines": 0, "excluded_lines": 0, "percent_statements_covered": 100.0, "percent_statements_covered_display": "100"}, "missing_lines": [], "excluded_lines": [], "start_line": 16}, "empty_agent_context": {"executed_lines": [30], "summary": {"covered_lines": 1, "num_statements": 1, "percent_covered": 100.0, "percent_covered_display": "100", "missing_lines": 0, "excluded_lines": 0, "percent_statements_covered": 100.0, "percent_statements_covered_display": "100"}, "missing_lines": [], "excluded_lines": [], "start_line": 29}, "summarize_agent_terminal": {"executed_lines": [52, 53, 58, 60, 61, 62, 63, 64, 65, 71, 73, 74, 75, 76, 77, 78, 79, 81, 82, 87, 88, 90, 95, 99, 102, 108, 109, 115, 121, 123, 124, 125, 126, 127, 128, 129, 131, 132, 139], "summary": {"covered_lines": 39, "num_statements": 39, "percent_covered": 100.0, "percent_covered_display": "100", "missing_lines": 0, "excluded_lines": 0, "percent_statements_covered": 100.0, "percent_statements_covered_display": "100"}, "missing_lines": [], "excluded_lines": [], "start_line": 45}, "AgentTerminalTracker.__init__": {"executed_lines": [], "summary": {"covered_lines": 0, "num_statements": 1, "percent_covered": 0.0, "percent_covered_display": "0", "missing_lines": 1, "excluded_lines": 0, "percent_statements_covered": 0.0, "percent_statements_covered_display": "0"}, "missing_lines": [162], "excluded_lines": [], "start_line": 161}, "AgentTerminalTracker.add": {"executed_lines": [], "summary": {"covered_lines": 0, "num_statements": 3, "percent_covered": 0.0, "percent_covered_display": "0", "missing_lines": 3, "excluded_lines": 0, "percent_statements_covered": 0.0, "percent_statements_covered_display": "0"}, "missing_lines": [165, 166, 172], "excluded_lines": [], "start_line": 164}, "AgentTerminalTracker.summarize": {"executed_lines": [], "summary": {"covered_lines": 0, "num_statements": 3, "percent_covered": 0.0, "percent_covered_display": "0", "missing_lines": 3, "excluded_lines": 0, "percent_statements_covered": 0.0, "percent_statements_covered_display": "0"}, "missing_lines": [179, 180, 181], "excluded_lines": [], "start_line": 174}, "": {"executed_lines": [1, 3, 4, 5, 6, 8, 9, 12, 16, 29, 45, 158, 161, 164, 174], "summary": {"covered_lines": 15, "num_statements": 15, "percent_covered": 100.0, "percent_covered_display": "100", "missing_lines": 0, "excluded_lines": 0, "percent_statements_covered": 100.0, "percent_statements_covered_display": "100"}, "missing_lines": [], "excluded_lines": [], "start_line": 1}}, "classes": {"AgentTerminalTracker": {"executed_lines": [], "summary": {"covered_lines": 0, "num_statements": 7, "percent_covered": 0.0, "percent_covered_display": "0", "missing_lines": 7, "excluded_lines": 0, "percent_statements_covered": 0.0, "percent_statements_covered_display": "0"}, "missing_lines": [162, 165, 166, 172, 179, 180, 181], "excluded_lines": [], "start_line": 158}, "": {"executed_lines": [1, 3, 4, 5, 6, 8, 9, 12, 13, 16, 17, 18, 19, 20, 21, 22, 26, 29, 30, 45, 52, 53, 58, 60, 61, 62, 63, 64, 65, 71, 73, 74, 75, 76, 77, 78, 79, 81, 82, 87, 88, 90, 95, 99, 102, 108, 109, 115, 121, 123, 124, 125, 126, 127, 128, 129, 131, 132, 139, 158, 161, 164, 174], "summary": {"covered_lines": 63, "num_statements": 63, "percent_covered": 100.0, "percent_covered_display": "100", "missing_lines": 0, "excluded_lines": 0, "percent_statements_covered": 100.0, "percent_statements_covered_display": "100"}, "missing_lines": [], "excluded_lines": [], "start_line": 1}}}, "src/aegistwin/api.py": {"executed_lines": [1, 3, 5, 6, 8, 9, 31, 32, 35, 36, 37, 39, 47, 48, 49, 57, 59, 60, 61, 63, 64, 66, 67, 68, 69, 70, 71, 72, 74, 75, 78, 84, 85, 86, 87, 88, 89, 91, 92, 93, 94, 96, 97, 98, 99, 101, 102, 103, 108, 109, 110, 111, 112, 125, 131, 132, 133, 137, 142, 143, 144, 145, 146, 148, 154, 155, 156, 160, 165, 175, 179, 185, 189, 193, 195, 200, 201, 203, 208, 211, 212, 215, 216, 222, 223, 229, 230, 231, 233, 234, 240, 241, 244, 245, 246, 247, 251, 252, 261, 262, 271, 272, 275, 276, 279, 280, 283, 284, 290, 291, 297, 298, 301, 302, 305, 306, 307, 309, 310, 319, 320, 324, 325, 329, 330, 331, 333, 334, 343, 344, 347], "summary": {"covered_lines": 131, "num_statements": 197, "percent_covered": 66.49746192893402, "percent_covered_display": "66", "missing_lines": 66, "excluded_lines": 0, "percent_statements_covered": 66.49746192893402, "percent_statements_covered_display": "66"}, "missing_lines": [62, 65, 104, 105, 106, 134, 135, 157, 158, 170, 171, 172, 173, 180, 181, 182, 183, 209, 213, 217, 218, 219, 220, 224, 225, 226, 227, 235, 236, 237, 238, 242, 248, 249, 256, 257, 258, 259, 266, 267, 268, 269, 273, 277, 281, 285, 286, 287, 288, 292, 293, 294, 295, 299, 303, 314, 315, 316, 317, 326, 327, 338, 339, 340, 341, 345], "excluded_lines": [], "functions": {"create_app": {"executed_lines": [36, 37, 39, 47, 48, 49, 57, 59, 60, 74, 91, 96, 97, 98, 99, 101, 108, 109, 125, 131, 137, 142, 148, 154, 160, 165, 175, 179, 185, 189, 195, 200, 203, 208, 211, 212, 215, 216, 222, 223, 229, 230, 233, 234, 240, 241, 244, 245, 251, 252, 261, 262, 271, 272, 275, 276, 279, 280, 283, 284, 290, 291, 297, 298, 301, 302, 305, 306, 309, 310, 319, 320, 329, 330, 333, 334, 343, 344, 347], "summary": {"covered_lines": 79, "num_statements": 79, "percent_covered": 100.0, "percent_covered_display": "100", "missing_lines": 0, "excluded_lines": 0, "percent_statements_covered": 100.0, "percent_statements_covered_display": "100"}, "missing_lines": [], "excluded_lines": [], "start_line": 35}, "create_app.security_controls": {"executed_lines": [61, 63, 64, 66, 67, 68, 69, 70, 71, 72], "summary": {"covered_lines": 10, "num_statements": 12, "percent_covered": 83.33333333333333, "percent_covered_display": "83", "missing_lines": 2, "excluded_lines": 0, "percent_statements_covered": 83.33333333333333, "percent_statements_covered_display": "83"}, "missing_lines": [62, 65], "excluded_lines": [], "start_line": 60}, "create_app.require_role": {"executed_lines": [75, 89], "summary": {"covered_lines": 2, "num_statements": 2, "percent_covered": 100.0, "percent_covered_display": "100", "missing_lines": 0, "excluded_lines": 0, "percent_statements_covered": 100.0, "percent_statements_covered_display": "100"}, "missing_lines": [], "excluded_lines": [], "start_line": 74}, "create_app.require_role.dependency": {"executed_lines": [78, 84, 85, 86, 87, 88], "summary": {"covered_lines": 6, "num_statements": 6, "percent_covered": 100.0, "percent_covered_display": "100", "missing_lines": 0, "excluded_lines": 0, "percent_statements_covered": 100.0, "percent_statements_covered_display": "100"}, "missing_lines": [], "excluded_lines": [], "start_line": 75}, "create_app.tenant_id": {"executed_lines": [92, 93, 94], "summary": {"covered_lines": 3, "num_statements": 3, "percent_covered": 100.0, "percent_covered_display": "100", "missing_lines": 0, "excluded_lines": 0, "percent_statements_covered": 100.0, "percent_statements_covered_display": "100"}, "missing_lines": [], "excluded_lines": [], "start_line": 91}, "create_app.translate_error": {"executed_lines": [102, 103], "summary": {"covered_lines": 2, "num_statements": 5, "percent_covered": 40.0, "percent_covered_display": "40", "missing_lines": 3, "excluded_lines": 0, "percent_statements_covered": 40.0, "percent_statements_covered_display": "40"}, "missing_lines": [104, 105, 106], "excluded_lines": [], "start_line": 101}, "create_app.health": {"executed_lines": [110, 111, 112], "summary": {"covered_lines": 3, "num_statements": 3, "percent_covered": 100.0, "percent_covered_display": "100", "missing_lines": 0, "excluded_lines": 0, "percent_statements_covered": 100.0, "percent_statements_covered_display": "100"}, "missing_lines": [], "excluded_lines": [], "start_line": 109}, "create_app.create_account": {"executed_lines": [132, 133], "summary": {"covered_lines": 2, "num_statements": 4, "percent_covered": 50.0, "percent_covered_display": "50", "missing_lines": 2, "excluded_lines": 0, "percent_statements_covered": 50.0, "percent_statements_covered_display": "50"}, "missing_lines": [134, 135], "excluded_lines": [], "start_line": 131}, "create_app.get_profile": {"executed_lines": [143, 144, 145, 146], "summary": {"covered_lines": 4, "num_statements": 4, "percent_covered": 100.0, "percent_covered_display": "100", "missing_lines": 0, "excluded_lines": 0, "percent_statements_covered": 100.0, "percent_statements_covered_display": "100"}, "missing_lines": [], "excluded_lines": [], "start_line": 142}, "create_app.score_event": {"executed_lines": [155, 156], "summary": {"covered_lines": 2, "num_statements": 4, "percent_covered": 50.0, "percent_covered_display": "50", "missing_lines": 2, "excluded_lines": 0, "percent_statements_covered": 50.0, "percent_statements_covered_display": "50"}, "missing_lines": [157, 158], "excluded_lines": [], "start_line": 154}, "create_app.get_decisions": {"executed_lines": [], "summary": {"covered_lines": 0, "num_statements": 4, "percent_covered": 0.0, "percent_covered_display": "0", "missing_lines": 4, "excluded_lines": 0, "percent_statements_covered": 0.0, "percent_statements_covered_display": "0"}, "missing_lines": [170, 171, 172, 173], "excluded_lines": [], "start_line": 165}, "create_app.add_feedback": {"executed_lines": [], "summary": {"covered_lines": 0, "num_statements": 4, "percent_covered": 0.0, "percent_covered_display": "0", "missing_lines": 4, "excluded_lines": 0, "percent_statements_covered": 0.0, "percent_statements_covered_display": "0"}, "missing_lines": [180, 181, 182, 183], "excluded_lines": [], "start_line": 179}, "create_app.agent_terminal_status": {"executed_lines": [193], "summary": {"covered_lines": 1, "num_statements": 1, "percent_covered": 100.0, "percent_covered_display": "100", "missing_lines": 0, "excluded_lines": 0, "percent_statements_covered": 100.0, "percent_statements_covered_display": "100"}, "missing_lines": [], "excluded_lines": [], "start_line": 189}, "create_app.verify_audit": {"executed_lines": [201], "summary": {"covered_lines": 1, "num_statements": 1, "percent_covered": 100.0, "percent_covered_display": "100", "missing_lines": 0, "excluded_lines": 0, "percent_statements_covered": 100.0, "percent_statements_covered_display": "100"}, "missing_lines": [], "excluded_lines": [], "start_line": 200}, "create_app.metrics": {"executed_lines": [], "summary": {"covered_lines": 0, "num_statements": 1, "percent_covered": 0.0, "percent_covered_display": "0", "missing_lines": 1, "excluded_lines": 0, "percent_statements_covered": 0.0, "percent_statements_covered_display": "0"}, "missing_lines": [209], "excluded_lines": [], "start_line": 208}, "create_app.model_status": {"executed_lines": [], "summary": {"covered_lines": 0, "num_statements": 1, "percent_covered": 0.0, "percent_covered_display": "0", "missing_lines": 1, "excluded_lines": 0, "percent_statements_covered": 0.0, "percent_statements_covered_display": "0"}, "missing_lines": [213], "excluded_lines": [], "start_line": 212}, "create_app.replay": {"executed_lines": [], "summary": {"covered_lines": 0, "num_statements": 4, "percent_covered": 0.0, "percent_covered_display": "0", "missing_lines": 4, "excluded_lines": 0, "percent_statements_covered": 0.0, "percent_statements_covered_display": "0"}, "missing_lines": [217, 218, 219, 220], "excluded_lines": [], "start_line": 216}, "create_app.lifecycle": {"executed_lines": [], "summary": {"covered_lines": 0, "num_statements": 4, "percent_covered": 0.0, "percent_covered_display": "0", "missing_lines": 4, "excluded_lines": 0, "percent_statements_covered": 0.0, "percent_statements_covered_display": "0"}, "missing_lines": [224, 225, 226, 227], "excluded_lines": [], "start_line": 223}, "create_app.cases": {"executed_lines": [231], "summary": {"covered_lines": 1, "num_statements": 1, "percent_covered": 100.0, "percent_covered_display": "100", "missing_lines": 0, "excluded_lines": 0, "percent_statements_covered": 100.0, "percent_statements_covered_display": "100"}, "missing_lines": [], "excluded_lines": [], "start_line": 230}, "create_app.appeal": {"executed_lines": [], "summary": {"covered_lines": 0, "num_statements": 4, "percent_covered": 0.0, "percent_covered_display": "0", "missing_lines": 4, "excluded_lines": 0, "percent_statements_covered": 0.0, "percent_statements_covered_display": "0"}, "missing_lines": [235, 236, 237, 238], "excluded_lines": [], "start_line": 234}, "create_app.consortium_report": {"executed_lines": [], "summary": {"covered_lines": 0, "num_statements": 1, "percent_covered": 0.0, "percent_covered_display": "0", "missing_lines": 1, "excluded_lines": 0, "percent_statements_covered": 0.0, "percent_statements_covered_display": "0"}, "missing_lines": [242], "excluded_lines": [], "start_line": 241}, "create_app.fraud_sketch_report": {"executed_lines": [246, 247], "summary": {"covered_lines": 2, "num_statements": 4, "percent_covered": 50.0, "percent_covered_display": "50", "missing_lines": 2, "excluded_lines": 0, "percent_statements_covered": 50.0, "percent_statements_covered_display": "50"}, "missing_lines": [248, 249], "excluded_lines": [], "start_line": 245}, "create_app.fraud_sketch_revoke": {"executed_lines": [], "summary": {"covered_lines": 0, "num_statements": 4, "percent_covered": 0.0, "percent_covered_display": "0", "missing_lines": 4, "excluded_lines": 0, "percent_statements_covered": 0.0, "percent_statements_covered_display": "0"}, "missing_lines": [256, 257, 258, 259], "excluded_lines": [], "start_line": 252}, "create_app.fraud_sketch_status": {"executed_lines": [], "summary": {"covered_lines": 0, "num_statements": 4, "percent_covered": 0.0, "percent_covered_display": "0", "missing_lines": 4, "excluded_lines": 0, "percent_statements_covered": 0.0, "percent_statements_covered_display": "0"}, "missing_lines": [266, 267, 268, 269], "excluded_lines": [], "start_line": 262}, "create_app.policy_simulation": {"executed_lines": [], "summary": {"covered_lines": 0, "num_statements": 1, "percent_covered": 0.0, "percent_covered_display": "0", "missing_lines": 1, "excluded_lines": 0, "percent_statements_covered": 0.0, "percent_statements_covered_display": "0"}, "missing_lines": [273], "excluded_lines": [], "start_line": 272}, "create_app.drift": {"executed_lines": [], "summary": {"covered_lines": 0, "num_statements": 1, "percent_covered": 0.0, "percent_covered_display": "0", "missing_lines": 1, "excluded_lines": 0, "percent_statements_covered": 0.0, "percent_statements_covered_display": "0"}, "missing_lines": [277], "excluded_lines": [], "start_line": 276}, "create_app.equity": {"executed_lines": [], "summary": {"covered_lines": 0, "num_statements": 1, "percent_covered": 0.0, "percent_covered_display": "0", "missing_lines": 1, "excluded_lines": 0, "percent_statements_covered": 0.0, "percent_statements_covered_display": "0"}, "missing_lines": [281], "excluded_lines": [], "start_line": 280}, "create_app.privacy": {"executed_lines": [], "summary": {"covered_lines": 0, "num_statements": 4, "percent_covered": 0.0, "percent_covered_display": "0", "missing_lines": 4, "excluded_lines": 0, "percent_statements_covered": 0.0, "percent_statements_covered_display": "0"}, "missing_lines": [285, 286, 287, 288], "excluded_lines": [], "start_line": 284}, "create_app.profile_succession": {"executed_lines": [], "summary": {"covered_lines": 0, "num_statements": 4, "percent_covered": 0.0, "percent_covered_display": "0", "missing_lines": 4, "excluded_lines": 0, "percent_statements_covered": 0.0, "percent_statements_covered_display": "0"}, "missing_lines": [292, 293, 294, 295], "excluded_lines": [], "start_line": 291}, "create_app.anchor": {"executed_lines": [], "summary": {"covered_lines": 0, "num_statements": 1, "percent_covered": 0.0, "percent_covered_display": "0", "missing_lines": 1, "excluded_lines": 0, "percent_statements_covered": 0.0, "percent_statements_covered_display": "0"}, "missing_lines": [299], "excluded_lines": [], "start_line": 298}, "create_app.observability": {"executed_lines": [], "summary": {"covered_lines": 0, "num_statements": 1, "percent_covered": 0.0, "percent_covered_display": "0", "missing_lines": 1, "excluded_lines": 0, "percent_statements_covered": 0.0, "percent_statements_covered_display": "0"}, "missing_lines": [303], "excluded_lines": [], "start_line": 302}, "create_app.resilience_status": {"executed_lines": [307], "summary": {"covered_lines": 1, "num_statements": 1, "percent_covered": 100.0, "percent_covered_display": "100", "missing_lines": 0, "excluded_lines": 0, "percent_statements_covered": 100.0, "percent_statements_covered_display": "100"}, "missing_lines": [], "excluded_lines": [], "start_line": 306}, "create_app.resilience_heartbeat": {"executed_lines": [], "summary": {"covered_lines": 0, "num_statements": 4, "percent_covered": 0.0, "percent_covered_display": "0", "missing_lines": 4, "excluded_lines": 0, "percent_statements_covered": 0.0, "percent_statements_covered_display": "0"}, "missing_lines": [314, 315, 316, 317], "excluded_lines": [], "start_line": 310}, "create_app.resilience_simulation": {"executed_lines": [324, 325], "summary": {"covered_lines": 2, "num_statements": 4, "percent_covered": 50.0, "percent_covered_display": "50", "missing_lines": 2, "excluded_lines": 0, "percent_statements_covered": 50.0, "percent_statements_covered_display": "50"}, "missing_lines": [326, 327], "excluded_lines": [], "start_line": 320}, "create_app.resilience_journal_verify": {"executed_lines": [331], "summary": {"covered_lines": 1, "num_statements": 1, "percent_covered": 100.0, "percent_covered_display": "100", "missing_lines": 0, "excluded_lines": 0, "percent_statements_covered": 100.0, "percent_statements_covered_display": "100"}, "missing_lines": [], "excluded_lines": [], "start_line": 330}, "create_app.resilience_reconcile": {"executed_lines": [], "summary": {"covered_lines": 0, "num_statements": 4, "percent_covered": 0.0, "percent_covered_display": "0", "missing_lines": 4, "excluded_lines": 0, "percent_statements_covered": 0.0, "percent_statements_covered_display": "0"}, "missing_lines": [338, 339, 340, 341], "excluded_lines": [], "start_line": 334}, "create_app.prometheus": {"executed_lines": [], "summary": {"covered_lines": 0, "num_statements": 1, "percent_covered": 0.0, "percent_covered_display": "0", "missing_lines": 1, "excluded_lines": 0, "percent_statements_covered": 0.0, "percent_statements_covered_display": "0"}, "missing_lines": [345], "excluded_lines": [], "start_line": 344}, "": {"executed_lines": [1, 3, 5, 6, 8, 9, 31, 32, 35], "summary": {"covered_lines": 9, "num_statements": 9, "percent_covered": 100.0, "percent_covered_display": "100", "missing_lines": 0, "excluded_lines": 0, "percent_statements_covered": 100.0, "percent_statements_covered_display": "100"}, "missing_lines": [], "excluded_lines": [], "start_line": 1}}, "classes": {"": {"executed_lines": [1, 3, 5, 6, 8, 9, 31, 32, 35, 36, 37, 39, 47, 48, 49, 57, 59, 60, 61, 63, 64, 66, 67, 68, 69, 70, 71, 72, 74, 75, 78, 84, 85, 86, 87, 88, 89, 91, 92, 93, 94, 96, 97, 98, 99, 101, 102, 103, 108, 109, 110, 111, 112, 125, 131, 132, 133, 137, 142, 143, 144, 145, 146, 148, 154, 155, 156, 160, 165, 175, 179, 185, 189, 193, 195, 200, 201, 203, 208, 211, 212, 215, 216, 222, 223, 229, 230, 231, 233, 234, 240, 241, 244, 245, 246, 247, 251, 252, 261, 262, 271, 272, 275, 276, 279, 280, 283, 284, 290, 291, 297, 298, 301, 302, 305, 306, 307, 309, 310, 319, 320, 324, 325, 329, 330, 331, 333, 334, 343, 344, 347], "summary": {"covered_lines": 131, "num_statements": 197, "percent_covered": 66.49746192893402, "percent_covered_display": "66", "missing_lines": 66, "excluded_lines": 0, "percent_statements_covered": 66.49746192893402, "percent_statements_covered_display": "66"}, "missing_lines": [62, 65, 104, 105, 106, 134, 135, 157, 158, 170, 171, 172, 173, 180, 181, 182, 183, 209, 213, 217, 218, 219, 220, 224, 225, 226, 227, 235, 236, 237, 238, 242, 248, 249, 256, 257, 258, 259, 266, 267, 268, 269, 273, 277, 281, 285, 286, 287, 288, 292, 293, 294, 295, 299, 303, 314, 315, 316, 317, 326, 327, 338, 339, 340, 341, 345], "excluded_lines": [], "start_line": 1}}}, "src/aegistwin/audit.py": {"executed_lines": [1, 3, 4, 5, 7, 9, 12, 20, 23, 26, 29, 30, 32, 33, 34, 35, 36, 39, 40, 41, 49, 66, 68, 69, 70, 73, 74, 75, 76, 84, 89, 95, 96], "summary": {"covered_lines": 33, "num_statements": 33, "percent_covered": 100.0, "percent_covered_display": "100", "missing_lines": 0, "excluded_lines": 0, "percent_statements_covered": 100.0, "percent_statements_covered_display": "100"}, "missing_lines": [], "excluded_lines": [], "functions": {"_entry_hash": {"executed_lines": [20, 23], "summary": {"covered_lines": 2, "num_statements": 2, "percent_covered": 100.0, "percent_covered_display": "100", "missing_lines": 0, "excluded_lines": 0, "percent_statements_covered": 100.0, "percent_statements_covered_display": "100"}, "missing_lines": [], "excluded_lines": [], "start_line": 12}, "AuditChain.__init__": {"executed_lines": [30], "summary": {"covered_lines": 1, "num_statements": 1, "percent_covered": 100.0, "percent_covered_display": "100", "missing_lines": 0, "excluded_lines": 0, "percent_statements_covered": 100.0, "percent_statements_covered_display": "100"}, "missing_lines": [], "excluded_lines": [], "start_line": 29}, "AuditChain.append": {"executed_lines": [33, 34, 35, 36, 39, 40, 41, 49, 66], "summary": {"covered_lines": 9, "num_statements": 9, "percent_covered": 100.0, "percent_covered_display": "100", "missing_lines": 0, "excluded_lines": 0, "percent_statements_covered": 100.0, "percent_statements_covered_display": "100"}, "missing_lines": [], "excluded_lines": [], "start_line": 32}, "AuditChain.verify": {"executed_lines": [69, 70, 73, 74, 75, 76, 84, 89, 95, 96], "summary": {"covered_lines": 10, "num_statements": 10, "percent_covered": 100.0, "percent_covered_display": "100", "missing_lines": 0, "excluded_lines": 0, "percent_statements_covered": 100.0, "percent_statements_covered_display": "100"}, "missing_lines": [], "excluded_lines": [], "start_line": 68}, "": {"executed_lines": [1, 3, 4, 5, 7, 9, 12, 26, 29, 32, 68], "summary": {"covered_lines": 11, "num_statements": 11, "percent_covered": 100.0, "percent_covered_display": "100", "missing_lines": 0, "excluded_lines": 0, "percent_statements_covered": 100.0, "percent_statements_covered_display": "100"}, "missing_lines": [], "excluded_lines": [], "start_line": 1}}, "classes": {"AuditChain": {"executed_lines": [30, 33, 34, 35, 36, 39, 40, 41, 49, 66, 69, 70, 73, 74, 75, 76, 84, 89, 95, 96], "summary": {"covered_lines": 20, "num_statements": 20, "percent_covered": 100.0, "percent_covered_display": "100", "missing_lines": 0, "excluded_lines": 0, "percent_statements_covered": 100.0, "percent_statements_covered_display": "100"}, "missing_lines": [], "excluded_lines": [], "start_line": 26}, "": {"executed_lines": [1, 3, 4, 5, 7, 9, 12, 20, 23, 26, 29, 32, 68], "summary": {"covered_lines": 13, "num_statements": 13, "percent_covered": 100.0, "percent_covered_display": "100", "missing_lines": 0, "excluded_lines": 0, "percent_statements_covered": 100.0, "percent_statements_covered_display": "100"}, "missing_lines": [], "excluded_lines": [], "start_line": 1}}}, "src/aegistwin/config.py": {"executed_lines": [1, 3, 4, 5, 6, 8, 9, 12, 15, 16, 17, 18, 20, 21, 22, 24, 26, 27, 28, 29, 30, 33, 36, 43, 44, 45, 46, 47, 48, 49, 50, 51, 54, 57, 64, 65, 66, 71, 75, 76, 77, 78, 79, 80, 81, 82, 83, 84, 85, 86, 87, 88, 89, 90, 91, 93, 94, 95, 96, 98, 99, 100, 101, 103, 104, 105, 106, 108, 110, 111, 113, 115, 120, 121], "summary": {"covered_lines": 74, "num_statements": 84, "percent_covered": 88.0952380952381, "percent_covered_display": "88", "missing_lines": 10, "excluded_lines": 0, "percent_statements_covered": 88.0952380952381, "percent_statements_covered_display": "88"}, "missing_lines": [19, 23, 107, 109, 112, 116, 117, 122, 123, 124], "excluded_lines": [], "functions": {"parse_string_list": {"executed_lines": [15, 16, 17, 18, 20, 21, 22, 24, 26, 27, 28, 29, 30], "summary": {"covered_lines": 13, "num_statements": 15, "percent_covered": 86.66666666666667, "percent_covered_display": "87", "missing_lines": 2, "excluded_lines": 0, "percent_statements_covered": 86.66666666666667, "percent_statements_covered_display": "87"}, "missing_lines": [19, 23], "excluded_lines": [], "start_line": 12}, "Settings.parse_origins": {"executed_lines": [96], "summary": {"covered_lines": 1, "num_statements": 1, "percent_covered": 100.0, "percent_covered_display": "100", "missing_lines": 0, "excluded_lines": 0, "percent_statements_covered": 100.0, "percent_statements_covered_display": "100"}, "missing_lines": [], "excluded_lines": [], "start_line": 95}, "Settings.parse_tenants": {"executed_lines": [101], "summary": {"covered_lines": 1, "num_statements": 1, "percent_covered": 100.0, "percent_covered_display": "100", "missing_lines": 0, "excluded_lines": 0, "percent_statements_covered": 100.0, "percent_statements_covered_display": "100"}, "missing_lines": [], "excluded_lines": [], "start_line": 100}, "Settings.parse_institution_keys": {"executed_lines": [106, 108, 110, 111, 113], "summary": {"covered_lines": 5, "num_statements": 8, "percent_covered": 62.5, "percent_covered_display": "62", "missing_lines": 3, "excluded_lines": 0, "percent_statements_covered": 62.5, "percent_statements_covered_display": "62"}, "missing_lines": [107, 109, 112], "excluded_lines": [], "start_line": 105}, "Settings.ensure_directories": {"executed_lines": [], "summary": {"covered_lines": 0, "num_statements": 2, "percent_covered": 0.0, "percent_covered_display": "0", "missing_lines": 2, "excluded_lines": 0, "percent_statements_covered": 0.0, "percent_statements_covered_display": "0"}, "missing_lines": [116, 117], "excluded_lines": [], "start_line": 115}, "get_settings": {"executed_lines": [], "summary": {"covered_lines": 0, "num_statements": 3, "percent_covered": 0.0, "percent_covered_display": "0", "missing_lines": 3, "excluded_lines": 0, "percent_statements_covered": 0.0, "percent_statements_covered_display": "0"}, "missing_lines": [122, 123, 124], "excluded_lines": [], "start_line": 121}, "": {"executed_lines": [1, 3, 4, 5, 6, 8, 9, 12, 33, 36, 43, 44, 45, 46, 47, 48, 49, 50, 51, 54, 57, 64, 65, 66, 71, 75, 76, 77, 78, 79, 80, 81, 82, 83, 84, 85, 86, 87, 88, 89, 90, 91, 93, 94, 95, 98, 99, 100, 103, 104, 105, 115, 120, 121], "summary": {"covered_lines": 54, "num_statements": 54, "percent_covered": 100.0, "percent_covered_display": "100", "missing_lines": 0, "excluded_lines": 0, "percent_statements_covered": 100.0, "percent_statements_covered_display": "100"}, "missing_lines": [], "excluded_lines": [], "start_line": 1}}, "classes": {"Settings": {"executed_lines": [96, 101, 106, 108, 110, 111, 113], "summary": {"covered_lines": 7, "num_statements": 12, "percent_covered": 58.333333333333336, "percent_covered_display": "58", "missing_lines": 5, "excluded_lines": 0, "percent_statements_covered": 58.333333333333336, "percent_statements_covered_display": "58"}, "missing_lines": [107, 109, 112, 116, 117], "excluded_lines": [], "start_line": 33}, "": {"executed_lines": [1, 3, 4, 5, 6, 8, 9, 12, 15, 16, 17, 18, 20, 21, 22, 24, 26, 27, 28, 29, 30, 33, 36, 43, 44, 45, 46, 47, 48, 49, 50, 51, 54, 57, 64, 65, 66, 71, 75, 76, 77, 78, 79, 80, 81, 82, 83, 84, 85, 86, 87, 88, 89, 90, 91, 93, 94, 95, 98, 99, 100, 103, 104, 105, 115, 120, 121], "summary": {"covered_lines": 67, "num_statements": 72, "percent_covered": 93.05555555555556, "percent_covered_display": "93", "missing_lines": 5, "excluded_lines": 0, "percent_statements_covered": 93.05555555555556, "percent_statements_covered_display": "93"}, "missing_lines": [19, 23, 122, 123, 124], "excluded_lines": [], "start_line": 1}}}, "src/aegistwin/features.py": {"executed_lines": [1, 3, 4, 5, 6, 8, 9, 11, 78, 85, 92, 108, 109, 112, 113, 114, 115, 116, 117, 118, 122, 125, 130, 131, 132, 133, 134, 135, 137, 138, 139, 141, 142, 150, 151, 152, 160, 161, 162, 164, 172, 173, 179, 180, 181, 183, 184, 185, 186, 187, 189, 190, 192, 193, 195, 197, 198, 199, 200, 201, 203, 205, 206, 207, 208, 209, 212, 213, 214, 217, 220, 223, 226, 229, 232, 235, 238, 239, 242, 245, 246, 247, 248, 249, 250, 251, 254, 256, 257, 258, 259, 260, 262, 263, 264, 265, 266, 267, 269, 270, 271, 272, 273, 274, 278, 279, 280, 281, 282, 283, 289, 290, 298, 311, 321, 322, 323, 326, 327, 329, 330, 331, 337, 343, 344, 346, 352, 353, 358, 360, 361, 362, 363, 364, 365, 371, 372, 374, 375, 376, 377, 378, 379, 380, 381, 383, 384, 385, 386, 387, 388, 389, 391, 392, 401, 402, 403, 404, 405, 406, 407, 409, 410, 411, 412, 413, 415, 418, 422, 423, 424, 425, 426, 427, 428, 429, 430, 431, 440, 444, 446, 447, 448, 449, 452, 455, 456, 457, 458, 459, 460, 461, 467, 468, 472, 474, 476, 477, 478, 479, 480, 481, 482, 483, 484, 485, 486, 487, 488, 495, 496, 497, 498, 499, 500, 503, 505, 506, 509, 510, 511, 516, 517, 531, 532, 543, 544, 568, 570, 645, 646], "summary": {"covered_lines": 231, "num_statements": 242, "percent_covered": 95.45454545454545, "percent_covered_display": "95", "missing_lines": 11, "excluded_lines": 0, "percent_statements_covered": 95.45454545454545, "percent_statements_covered_display": "95"}, "missing_lines": [136, 140, 149, 393, 394, 395, 398, 399, 504, 512, 558], "excluded_lines": [], "functions": {"clamp": {"executed_lines": [109], "summary": {"covered_lines": 1, "num_statements": 1, "percent_covered": 100.0, "percent_covered_display": "100", "missing_lines": 0, "excluded_lines": 0, "percent_statements_covered": 100.0, "percent_statements_covered_display": "100"}, "missing_lines": [], "excluded_lines": [], "start_line": 108}, "haversine_km": {"executed_lines": [113, 114, 115, 116, 117, 118, 122], "summary": {"covered_lines": 7, "num_statements": 7, "percent_covered": 100.0, "percent_covered_display": "100", "missing_lines": 0, "excluded_lines": 0, "percent_statements_covered": 100.0, "percent_statements_covered_display": "100"}, "missing_lines": [], "excluded_lines": [], "start_line": 112}, "compute_risk_window": {"executed_lines": [130, 131, 132, 133, 134, 135, 137, 138, 139, 141, 142, 150, 151, 152], "summary": {"covered_lines": 14, "num_statements": 17, "percent_covered": 82.3529411764706, "percent_covered_display": "82", "missing_lines": 3, "excluded_lines": 0, "percent_statements_covered": 82.3529411764706, "percent_statements_covered_display": "82"}, "missing_lines": [136, 140, 149], "excluded_lines": [], "start_line": 125}, "FeatureEngine.__init__": {"executed_lines": [162], "summary": {"covered_lines": 1, "num_statements": 1, "percent_covered": 100.0, "percent_covered_display": "100", "missing_lines": 0, "excluded_lines": 0, "percent_statements_covered": 100.0, "percent_statements_covered_display": "100"}, "missing_lines": [], "excluded_lines": [], "start_line": 161}, "FeatureEngine.extract": {"executed_lines": [172, 173, 179, 180, 181, 183, 184, 185, 186, 187, 189, 190, 192, 193, 195, 197, 198, 199, 200, 201, 203, 205, 206, 207, 208, 209, 212, 213, 214, 217, 220, 223, 226, 229, 232, 235, 238, 239, 242, 245, 246, 247, 248, 249, 250, 251, 254, 256, 257, 258, 259, 260, 262, 263, 264, 265, 266, 267, 269, 270, 271, 272, 273, 274, 278, 279, 280, 281, 282, 283, 289, 290, 298, 311, 321, 322, 323, 326, 327, 329, 330, 331, 337, 343, 344, 346, 352, 353, 358, 360, 361, 362, 363, 364, 365, 371, 372, 374, 375, 376, 377, 378, 379, 380, 381, 383, 384, 385, 386, 387, 388, 389, 391, 392, 401, 402, 403, 404, 405, 406, 407, 409, 410, 411, 412, 413, 415, 418, 422, 423, 424, 425, 426, 427, 428, 429, 430, 431, 440, 444, 446, 447, 448, 449, 452, 455, 456, 457, 458, 459, 460, 461, 467, 468, 472, 474, 476, 477, 478, 479, 480, 481, 482, 483, 484, 485, 486, 487, 488, 495, 496, 497, 498, 499, 500, 503, 505, 506, 509, 510, 511, 516, 517, 531, 532, 543, 544, 568, 570, 645, 646], "summary": {"covered_lines": 191, "num_statements": 199, "percent_covered": 95.97989949748744, "percent_covered_display": "96", "missing_lines": 8, "excluded_lines": 0, "percent_statements_covered": 95.97989949748744, "percent_statements_covered_display": "96"}, "missing_lines": [393, 394, 395, 398, 399, 504, 512, 558], "excluded_lines": [], "start_line": 164}, "": {"executed_lines": [1, 3, 4, 5, 6, 8, 9, 11, 78, 85, 92, 108, 112, 125, 160, 161, 164], "summary": {"covered_lines": 17, "num_statements": 17, "percent_covered": 100.0, "percent_covered_display": "100", "missing_lines": 0, "excluded_lines": 0, "percent_statements_covered": 100.0, "percent_statements_covered_display": "100"}, "missing_lines": [], "excluded_lines": [], "start_line": 1}}, "classes": {"FeatureEngine": {"executed_lines": [162, 172, 173, 179, 180, 181, 183, 184, 185, 186, 187, 189, 190, 192, 193, 195, 197, 198, 199, 200, 201, 203, 205, 206, 207, 208, 209, 212, 213, 214, 217, 220, 223, 226, 229, 232, 235, 238, 239, 242, 245, 246, 247, 248, 249, 250, 251, 254, 256, 257, 258, 259, 260, 262, 263, 264, 265, 266, 267, 269, 270, 271, 272, 273, 274, 278, 279, 280, 281, 282, 283, 289, 290, 298, 311, 321, 322, 323, 326, 327, 329, 330, 331, 337, 343, 344, 346, 352, 353, 358, 360, 361, 362, 363, 364, 365, 371, 372, 374, 375, 376, 377, 378, 379, 380, 381, 383, 384, 385, 386, 387, 388, 389, 391, 392, 401, 402, 403, 404, 405, 406, 407, 409, 410, 411, 412, 413, 415, 418, 422, 423, 424, 425, 426, 427, 428, 429, 430, 431, 440, 444, 446, 447, 448, 449, 452, 455, 456, 457, 458, 459, 460, 461, 467, 468, 472, 474, 476, 477, 478, 479, 480, 481, 482, 483, 484, 485, 486, 487, 488, 495, 496, 497, 498, 499, 500, 503, 505, 506, 509, 510, 511, 516, 517, 531, 532, 543, 544, 568, 570, 645, 646], "summary": {"covered_lines": 192, "num_statements": 200, "percent_covered": 96.0, "percent_covered_display": "96", "missing_lines": 8, "excluded_lines": 0, "percent_statements_covered": 96.0, "percent_statements_covered_display": "96"}, "missing_lines": [393, 394, 395, 398, 399, 504, 512, 558], "excluded_lines": [], "start_line": 160}, "": {"executed_lines": [1, 3, 4, 5, 6, 8, 9, 11, 78, 85, 92, 108, 109, 112, 113, 114, 115, 116, 117, 118, 122, 125, 130, 131, 132, 133, 134, 135, 137, 138, 139, 141, 142, 150, 151, 152, 160, 161, 164], "summary": {"covered_lines": 39, "num_statements": 42, "percent_covered": 92.85714285714286, "percent_covered_display": "93", "missing_lines": 3, "excluded_lines": 0, "percent_statements_covered": 92.85714285714286, "percent_statements_covered_display": "93"}, "missing_lines": [136, 140, 149], "excluded_lines": [], "start_line": 1}}}, "src/aegistwin/fraud_sketch.py": {"executed_lines": [1, 3, 4, 5, 6, 7, 9, 11, 12, 21, 24, 25, 27, 28, 29, 30, 31, 33, 36, 37, 38, 39, 42, 43, 44, 47, 54, 55, 56, 59, 60, 61, 64, 65, 66, 67, 68, 83, 84, 91, 92, 95, 96, 97, 98, 99, 108, 109, 116, 117, 120, 123, 124, 125, 126, 127, 128, 130, 131, 132, 133, 142, 143, 144, 145, 146, 153, 154, 155, 157, 158, 159, 160, 161, 162, 163, 164, 168, 169, 179, 180, 198, 199, 206, 207, 208, 211], "summary": {"covered_lines": 87, "num_statements": 94, "percent_covered": 92.55319148936171, "percent_covered_display": "93", "missing_lines": 7, "excluded_lines": 0, "percent_statements_covered": 92.55319148936171, "percent_statements_covered_display": "93"}, "missing_lines": [26, 32, 129, 166, 167, 209, 210], "excluded_lines": [], "functions": {"normalise_indicator": {"executed_lines": [24, 25, 27, 28, 29, 30, 31, 33], "summary": {"covered_lines": 8, "num_statements": 10, "percent_covered": 80.0, "percent_covered_display": "80", "missing_lines": 2, "excluded_lines": 0, "percent_statements_covered": 80.0, "percent_statements_covered_display": "80"}, "missing_lines": [26, 32], "excluded_lines": [], "start_line": 21}, "epoch_id": {"executed_lines": [37, 38, 39], "summary": {"covered_lines": 3, "num_statements": 3, "percent_covered": 100.0, "percent_covered_display": "100", "missing_lines": 0, "excluded_lines": 0, "percent_statements_covered": 100.0, "percent_statements_covered_display": "100"}, "missing_lines": [], "excluded_lines": [], "start_line": 36}, "candidate_epochs": {"executed_lines": [43, 44], "summary": {"covered_lines": 2, "num_statements": 2, "percent_covered": 100.0, "percent_covered_display": "100", "missing_lines": 0, "excluded_lines": 0, "percent_statements_covered": 100.0, "percent_statements_covered_display": "100"}, "missing_lines": [], "excluded_lines": [], "start_line": 42}, "indicator_token": {"executed_lines": [54, 55, 56], "summary": {"covered_lines": 3, "num_statements": 3, "percent_covered": 100.0, "percent_covered_display": "100", "missing_lines": 0, "excluded_lines": 0, "percent_statements_covered": 100.0, "percent_statements_covered_display": "100"}, "missing_lines": [], "excluded_lines": [], "start_line": 47}, "institution_token": {"executed_lines": [60, 61], "summary": {"covered_lines": 2, "num_statements": 2, "percent_covered": 100.0, "percent_covered_display": "100", "missing_lines": 0, "excluded_lines": 0, "percent_statements_covered": 100.0, "percent_statements_covered_display": "100"}, "missing_lines": [], "excluded_lines": [], "start_line": 59}, "report_material": {"executed_lines": [65, 66, 67, 68], "summary": {"covered_lines": 4, "num_statements": 4, "percent_covered": 100.0, "percent_covered_display": "100", "missing_lines": 0, "excluded_lines": 0, "percent_statements_covered": 100.0, "percent_statements_covered_display": "100"}, "missing_lines": [], "excluded_lines": [], "start_line": 64}, "sign_report": {"executed_lines": [84], "summary": {"covered_lines": 1, "num_statements": 1, "percent_covered": 100.0, "percent_covered_display": "100", "missing_lines": 0, "excluded_lines": 0, "percent_statements_covered": 100.0, "percent_statements_covered_display": "100"}, "missing_lines": [], "excluded_lines": [], "start_line": 83}, "verify_report": {"executed_lines": [92], "summary": {"covered_lines": 1, "num_statements": 1, "percent_covered": 100.0, "percent_covered_display": "100", "missing_lines": 0, "excluded_lines": 0, "percent_statements_covered": 100.0, "percent_statements_covered_display": "100"}, "missing_lines": [], "excluded_lines": [], "start_line": 91}, "revocation_material": {"executed_lines": [96, 97, 98, 99], "summary": {"covered_lines": 4, "num_statements": 4, "percent_covered": 100.0, "percent_covered_display": "100", "missing_lines": 0, "excluded_lines": 0, "percent_statements_covered": 100.0, "percent_statements_covered_display": "100"}, "missing_lines": [], "excluded_lines": [], "start_line": 95}, "sign_revocation": {"executed_lines": [109], "summary": {"covered_lines": 1, "num_statements": 1, "percent_covered": 100.0, "percent_covered_display": "100", "missing_lines": 0, "excluded_lines": 0, "percent_statements_covered": 100.0, "percent_statements_covered_display": "100"}, "missing_lines": [], "excluded_lines": [], "start_line": 108}, "verify_revocation": {"executed_lines": [117], "summary": {"covered_lines": 1, "num_statements": 1, "percent_covered": 100.0, "percent_covered_display": "100", "missing_lines": 0, "excluded_lines": 0, "percent_statements_covered": 100.0, "percent_statements_covered_display": "100"}, "missing_lines": [], "excluded_lines": [], "start_line": 116}, "score_reports": {"executed_lines": [123, 124, 125, 126, 127, 128, 130, 131, 132, 133, 142, 143, 144, 145, 146, 153, 154, 155, 157, 158, 159, 160, 161, 162, 163, 164, 168, 169], "summary": {"covered_lines": 28, "num_statements": 31, "percent_covered": 90.3225806451613, "percent_covered_display": "90", "missing_lines": 3, "excluded_lines": 0, "percent_statements_covered": 90.3225806451613, "percent_statements_covered_display": "90"}, "missing_lines": [129, 166, 167], "excluded_lines": [], "start_line": 120}, "capsule_material": {"executed_lines": [180], "summary": {"covered_lines": 1, "num_statements": 1, "percent_covered": 100.0, "percent_covered_display": "100", "missing_lines": 0, "excluded_lines": 0, "percent_statements_covered": 100.0, "percent_statements_covered_display": "100"}, "missing_lines": [], "excluded_lines": [], "start_line": 179}, "sign_capsule": {"executed_lines": [199], "summary": {"covered_lines": 1, "num_statements": 1, "percent_covered": 100.0, "percent_covered_display": "100", "missing_lines": 0, "excluded_lines": 0, "percent_statements_covered": 100.0, "percent_statements_covered_display": "100"}, "missing_lines": [], "excluded_lines": [], "start_line": 198}, "verify_capsule": {"executed_lines": [207, 208, 211], "summary": {"covered_lines": 3, "num_statements": 5, "percent_covered": 60.0, "percent_covered_display": "60", "missing_lines": 2, "excluded_lines": 0, "percent_statements_covered": 60.0, "percent_statements_covered_display": "60"}, "missing_lines": [209, 210], "excluded_lines": [], "start_line": 206}, "": {"executed_lines": [1, 3, 4, 5, 6, 7, 9, 11, 12, 21, 36, 42, 47, 59, 64, 83, 91, 95, 108, 116, 120, 179, 198, 206], "summary": {"covered_lines": 24, "num_statements": 24, "percent_covered": 100.0, "percent_covered_display": "100", "missing_lines": 0, "excluded_lines": 0, "percent_statements_covered": 100.0, "percent_statements_covered_display": "100"}, "missing_lines": [], "excluded_lines": [], "start_line": 1}}, "classes": {"": {"executed_lines": [1, 3, 4, 5, 6, 7, 9, 11, 12, 21, 24, 25, 27, 28, 29, 30, 31, 33, 36, 37, 38, 39, 42, 43, 44, 47, 54, 55, 56, 59, 60, 61, 64, 65, 66, 67, 68, 83, 84, 91, 92, 95, 96, 97, 98, 99, 108, 109, 116, 117, 120, 123, 124, 125, 126, 127, 128, 130, 131, 132, 133, 142, 143, 144, 145, 146, 153, 154, 155, 157, 158, 159, 160, 161, 162, 163, 164, 168, 169, 179, 180, 198, 199, 206, 207, 208, 211], "summary": {"covered_lines": 87, "num_statements": 94, "percent_covered": 92.55319148936171, "percent_covered_display": "93", "missing_lines": 7, "excluded_lines": 0, "percent_statements_covered": 92.55319148936171, "percent_statements_covered_display": "93"}, "missing_lines": [26, 32, 129, 166, 167, 209, 210], "excluded_lines": [], "start_line": 1}}}, "src/aegistwin/network.py": {"executed_lines": [1, 3, 4, 5, 7, 10, 18, 27, 28, 30, 31, 32, 39, 40, 41, 42, 43, 44, 45, 46, 47, 48, 49, 50, 52, 60, 61, 62, 73, 76, 77, 78, 80, 81, 82, 83, 84, 85, 86, 88, 94, 96, 100], "summary": {"covered_lines": 43, "num_statements": 44, "percent_covered": 97.72727272727273, "percent_covered_display": "98", "missing_lines": 1, "excluded_lines": 0, "percent_statements_covered": 97.72727272727273, "percent_statements_covered_display": "98"}, "missing_lines": [95], "excluded_lines": [], "functions": {"summarize_recipient_network": {"executed_lines": [18, 27, 28, 30, 31, 32, 39, 40, 41, 42, 43, 44, 45, 46, 47, 48, 49, 50, 52, 60, 61, 62], "summary": {"covered_lines": 22, "num_statements": 22, "percent_covered": 100.0, "percent_covered_display": "100", "missing_lines": 0, "excluded_lines": 0, "percent_statements_covered": 100.0, "percent_statements_covered_display": "100"}, "missing_lines": [], "excluded_lines": [], "start_line": 10}, "RecipientNetworkTracker.__init__": {"executed_lines": [77, 78], "summary": {"covered_lines": 2, "num_statements": 2, "percent_covered": 100.0, "percent_covered_display": "100", "missing_lines": 0, "excluded_lines": 0, "percent_statements_covered": 100.0, "percent_statements_covered_display": "100"}, "missing_lines": [], "excluded_lines": [], "start_line": 76}, "RecipientNetworkTracker.add": {"executed_lines": [81, 82, 83, 84, 85, 86], "summary": {"covered_lines": 6, "num_statements": 6, "percent_covered": 100.0, "percent_covered_display": "100", "missing_lines": 0, "excluded_lines": 0, "percent_statements_covered": 100.0, "percent_statements_covered_display": "100"}, "missing_lines": [], "excluded_lines": [], "start_line": 80}, "RecipientNetworkTracker.summarize": {"executed_lines": [94, 96, 100], "summary": {"covered_lines": 3, "num_statements": 4, "percent_covered": 75.0, "percent_covered_display": "75", "missing_lines": 1, "excluded_lines": 0, "percent_statements_covered": 75.0, "percent_statements_covered_display": "75"}, "missing_lines": [95], "excluded_lines": [], "start_line": 88}, "": {"executed_lines": [1, 3, 4, 5, 7, 10, 73, 76, 80, 88], "summary": {"covered_lines": 10, "num_statements": 10, "percent_covered": 100.0, "percent_covered_display": "100", "missing_lines": 0, "excluded_lines": 0, "percent_statements_covered": 100.0, "percent_statements_covered_display": "100"}, "missing_lines": [], "excluded_lines": [], "start_line": 1}}, "classes": {"RecipientNetworkTracker": {"executed_lines": [77, 78, 81, 82, 83, 84, 85, 86, 94, 96, 100], "summary": {"covered_lines": 11, "num_statements": 12, "percent_covered": 91.66666666666667, "percent_covered_display": "92", "missing_lines": 1, "excluded_lines": 0, "percent_statements_covered": 91.66666666666667, "percent_statements_covered_display": "92"}, "missing_lines": [95], "excluded_lines": [], "start_line": 73}, "": {"executed_lines": [1, 3, 4, 5, 7, 10, 18, 27, 28, 30, 31, 32, 39, 40, 41, 42, 43, 44, 45, 46, 47, 48, 49, 50, 52, 60, 61, 62, 73, 76, 80, 88], "summary": {"covered_lines": 32, "num_statements": 32, "percent_covered": 100.0, "percent_covered_display": "100", "missing_lines": 0, "excluded_lines": 0, "percent_statements_covered": 100.0, "percent_statements_covered_display": "100"}, "missing_lines": [], "excluded_lines": [], "start_line": 1}}}, "src/aegistwin/platform.py": {"executed_lines": [1, 3, 4, 5, 6, 7, 9, 11, 14, 15, 18, 22, 23, 24, 31, 37, 38, 39, 40, 42, 43, 44, 45, 46, 47, 48, 49, 50, 51, 52, 54, 55, 57, 58, 61, 62, 65, 66, 67, 68, 71, 81, 82, 86, 87, 89, 90, 91, 92, 93, 94, 95, 96, 97, 98, 99, 100, 101, 104, 105, 106], "summary": {"covered_lines": 61, "num_statements": 65, "percent_covered": 93.84615384615384, "percent_covered_display": "94", "missing_lines": 4, "excluded_lines": 0, "percent_statements_covered": 93.84615384615384, "percent_statements_covered_display": "94"}, "missing_lines": [41, 53, 83, 88], "excluded_lines": [], "functions": {"hmac_token": {"executed_lines": [15], "summary": {"covered_lines": 1, "num_statements": 1, "percent_covered": 100.0, "percent_covered_display": "100", "missing_lines": 0, "excluded_lines": 0, "percent_statements_covered": 100.0, "percent_statements_covered_display": "100"}, "missing_lines": [], "excluded_lines": [], "start_line": 14}, "evidence_provenance": {"executed_lines": [22, 23, 24, 31], "summary": {"covered_lines": 4, "num_statements": 4, "percent_covered": 100.0, "percent_covered_display": "100", "missing_lines": 0, "excluded_lines": 0, "percent_statements_covered": 100.0, "percent_statements_covered_display": "100"}, "missing_lines": [], "excluded_lines": [], "start_line": 18}, "campaign_signature": {"executed_lines": [38, 39, 40, 42, 43, 44, 45, 46, 47, 48, 49, 50, 51, 52, 54, 55, 57, 58], "summary": {"covered_lines": 18, "num_statements": 20, "percent_covered": 90.0, "percent_covered_display": "90", "missing_lines": 2, "excluded_lines": 0, "percent_statements_covered": 90.0, "percent_statements_covered_display": "90"}, "missing_lines": [41, 53], "excluded_lines": [], "start_line": 37}, "campaign_is_eligible": {"executed_lines": [62], "summary": {"covered_lines": 1, "num_statements": 1, "percent_covered": 100.0, "percent_covered_display": "100", "missing_lines": 0, "excluded_lines": 0, "percent_statements_covered": 100.0, "percent_statements_covered_display": "100"}, "missing_lines": [], "excluded_lines": [], "start_line": 61}, "campaign_score": {"executed_lines": [66, 67, 68], "summary": {"covered_lines": 3, "num_statements": 3, "percent_covered": 100.0, "percent_covered_display": "100", "missing_lines": 0, "excluded_lines": 0, "percent_statements_covered": 100.0, "percent_statements_covered_display": "100"}, "missing_lines": [], "excluded_lines": [], "start_line": 65}, "validate_lifecycle_transition": {"executed_lines": [82], "summary": {"covered_lines": 1, "num_statements": 2, "percent_covered": 50.0, "percent_covered_display": "50", "missing_lines": 1, "excluded_lines": 0, "percent_statements_covered": 50.0, "percent_statements_covered_display": "50"}, "missing_lines": [83], "excluded_lines": [], "start_line": 81}, "psi": {"executed_lines": [87, 89, 90, 91, 92, 93, 94, 95, 96, 97, 98, 99, 100, 101], "summary": {"covered_lines": 14, "num_statements": 15, "percent_covered": 93.33333333333333, "percent_covered_display": "93", "missing_lines": 1, "excluded_lines": 0, "percent_statements_covered": 93.33333333333333, "percent_statements_covered_display": "93"}, "missing_lines": [88], "excluded_lines": [], "start_line": 86}, "review_priority": {"executed_lines": [105, 106], "summary": {"covered_lines": 2, "num_statements": 2, "percent_covered": 100.0, "percent_covered_display": "100", "missing_lines": 0, "excluded_lines": 0, "percent_statements_covered": 100.0, "percent_statements_covered_display": "100"}, "missing_lines": [], "excluded_lines": [], "start_line": 104}, "": {"executed_lines": [1, 3, 4, 5, 6, 7, 9, 11, 14, 18, 37, 61, 65, 71, 81, 86, 104], "summary": {"covered_lines": 17, "num_statements": 17, "percent_covered": 100.0, "percent_covered_display": "100", "missing_lines": 0, "excluded_lines": 0, "percent_statements_covered": 100.0, "percent_statements_covered_display": "100"}, "missing_lines": [], "excluded_lines": [], "start_line": 1}}, "classes": {"": {"executed_lines": [1, 3, 4, 5, 6, 7, 9, 11, 14, 15, 18, 22, 23, 24, 31, 37, 38, 39, 40, 42, 43, 44, 45, 46, 47, 48, 49, 50, 51, 52, 54, 55, 57, 58, 61, 62, 65, 66, 67, 68, 71, 81, 82, 86, 87, 89, 90, 91, 92, 93, 94, 95, 96, 97, 98, 99, 100, 101, 104, 105, 106], "summary": {"covered_lines": 61, "num_statements": 65, "percent_covered": 93.84615384615384, "percent_covered_display": "94", "missing_lines": 4, "excluded_lines": 0, "percent_statements_covered": 93.84615384615384, "percent_statements_covered_display": "94"}, "missing_lines": [41, 53, 83, 88], "excluded_lines": [], "start_line": 1}}}, "src/aegistwin/policy.py": {"executed_lines": [1, 3, 4, 6, 8, 16, 17, 18, 19, 20, 21, 22, 23, 24, 25, 28, 29, 30, 31, 32, 33, 34, 35, 36, 37, 38, 39, 40, 42, 43, 58, 61, 71, 72, 73, 74, 75, 76, 77, 78, 80, 82, 83, 84, 85, 86, 87, 88, 89, 90, 93, 94, 95, 97, 98, 105, 112, 120, 121, 126, 127, 130, 135, 136, 139, 151, 161, 162, 163, 168, 204, 205, 206, 207, 208, 209, 210, 211, 212, 213, 214, 215, 216, 218, 219, 220, 221, 222, 224, 225, 226, 227], "summary": {"covered_lines": 92, "num_statements": 96, "percent_covered": 95.83333333333333, "percent_covered_display": "96", "missing_lines": 4, "excluded_lines": 0, "percent_statements_covered": 95.83333333333333, "percent_statements_covered_display": "96"}, "missing_lines": [91, 92, 146, 147], "excluded_lines": [], "functions": {"risk_level_for_score": {"executed_lines": [17, 18, 19, 20, 21, 22, 23, 24, 25], "summary": {"covered_lines": 9, "num_statements": 9, "percent_covered": 100.0, "percent_covered_display": "100", "missing_lines": 0, "excluded_lines": 0, "percent_statements_covered": 100.0, "percent_statements_covered_display": "100"}, "missing_lines": [], "excluded_lines": [], "start_line": 16}, "PolicyOutcome.as_dict": {"executed_lines": [43], "summary": {"covered_lines": 1, "num_statements": 1, "percent_covered": 100.0, "percent_covered_display": "100", "missing_lines": 0, "excluded_lines": 0, "percent_statements_covered": 100.0, "percent_statements_covered_display": "100"}, "missing_lines": [], "excluded_lines": [], "start_line": 42}, "PolicyEngine.decide": {"executed_lines": [71, 72, 73, 74, 75, 76, 77, 78, 80, 82, 83, 84, 85, 86, 87, 88, 89, 90, 93, 94, 95, 97, 98, 105, 112, 120, 121, 126, 127, 130, 135, 136, 139, 151, 161, 162, 163, 168, 204, 205, 206, 207, 208, 209, 210, 211, 212, 213, 214, 215, 216, 218, 219, 220, 221, 222, 224, 225, 226, 227], "summary": {"covered_lines": 60, "num_statements": 64, "percent_covered": 93.75, "percent_covered_display": "94", "missing_lines": 4, "excluded_lines": 0, "percent_statements_covered": 93.75, "percent_statements_covered_display": "94"}, "missing_lines": [91, 92, 146, 147], "excluded_lines": [], "start_line": 61}, "": {"executed_lines": [1, 3, 4, 6, 8, 16, 28, 29, 30, 31, 32, 33, 34, 35, 36, 37, 38, 39, 40, 42, 58, 61], "summary": {"covered_lines": 22, "num_statements": 22, "percent_covered": 100.0, "percent_covered_display": "100", "missing_lines": 0, "excluded_lines": 0, "percent_statements_covered": 100.0, "percent_statements_covered_display": "100"}, "missing_lines": [], "excluded_lines": [], "start_line": 1}}, "classes": {"PolicyOutcome": {"executed_lines": [43], "summary": {"covered_lines": 1, "num_statements": 1, "percent_covered": 100.0, "percent_covered_display": "100", "missing_lines": 0, "excluded_lines": 0, "percent_statements_covered": 100.0, "percent_statements_covered_display": "100"}, "missing_lines": [], "excluded_lines": [], "start_line": 29}, "PolicyEngine": {"executed_lines": [71, 72, 73, 74, 75, 76, 77, 78, 80, 82, 83, 84, 85, 86, 87, 88, 89, 90, 93, 94, 95, 97, 98, 105, 112, 120, 121, 126, 127, 130, 135, 136, 139, 151, 161, 162, 163, 168, 204, 205, 206, 207, 208, 209, 210, 211, 212, 213, 214, 215, 216, 218, 219, 220, 221, 222, 224, 225, 226, 227], "summary": {"covered_lines": 60, "num_statements": 64, "percent_covered": 93.75, "percent_covered_display": "94", "missing_lines": 4, "excluded_lines": 0, "percent_statements_covered": 93.75, "percent_statements_covered_display": "94"}, "missing_lines": [91, 92, 146, 147], "excluded_lines": [], "start_line": 58}, "": {"executed_lines": [1, 3, 4, 6, 8, 16, 17, 18, 19, 20, 21, 22, 23, 24, 25, 28, 29, 30, 31, 32, 33, 34, 35, 36, 37, 38, 39, 40, 42, 58, 61], "summary": {"covered_lines": 31, "num_statements": 31, "percent_covered": 100.0, "percent_covered_display": "100", "missing_lines": 0, "excluded_lines": 0, "percent_statements_covered": 100.0, "percent_statements_covered_display": "100"}, "missing_lines": [], "excluded_lines": [], "start_line": 1}}}, "src/aegistwin/profile.py": {"executed_lines": [1, 3, 4, 5, 6, 7, 9, 11, 20, 21, 24, 25, 27, 30, 31, 32, 33, 34, 37, 38, 39, 40, 43, 46, 54, 55, 67, 72, 73, 74, 76, 77, 78, 79, 80, 81, 82, 84, 85, 86, 87, 88, 89, 90, 91, 92, 93, 94, 95, 96, 97, 98, 99, 100, 101, 102, 103, 105, 106, 107, 108, 114, 115, 116, 117, 118, 123, 125, 126, 133, 138, 139, 144, 145, 147], "summary": {"covered_lines": 75, "num_statements": 77, "percent_covered": 97.40259740259741, "percent_covered_display": "97", "missing_lines": 2, "excluded_lines": 0, "percent_statements_covered": 97.40259740259741, "percent_statements_covered_display": "97"}, "missing_lines": [22, 26], "excluded_lines": [], "functions": {"parse_time": {"executed_lines": [21, 24, 25, 27], "summary": {"covered_lines": 4, "num_statements": 6, "percent_covered": 66.66666666666667, "percent_covered_display": "67", "missing_lines": 2, "excluded_lines": 0, "percent_statements_covered": 66.66666666666667, "percent_statements_covered_display": "67"}, "missing_lines": [22, 26], "excluded_lines": [], "start_line": 20}, "robust_mad": {"executed_lines": [31, 32, 33, 34], "summary": {"covered_lines": 4, "num_statements": 4, "percent_covered": 100.0, "percent_covered_display": "100", "missing_lines": 0, "excluded_lines": 0, "percent_statements_covered": 100.0, "percent_statements_covered_display": "100"}, "missing_lines": [], "excluded_lines": [], "start_line": 30}, "confidence_from_history": {"executed_lines": [38, 39, 40], "summary": {"covered_lines": 3, "num_statements": 3, "percent_covered": 100.0, "percent_covered_display": "100", "missing_lines": 0, "excluded_lines": 0, "percent_statements_covered": 100.0, "percent_statements_covered_display": "100"}, "missing_lines": [], "excluded_lines": [], "start_line": 37}, "ProfileBuilder.build": {"executed_lines": [54, 55, 67, 72, 73, 74, 76, 77, 78, 79, 80, 81, 82, 84, 85, 86, 87, 88, 89, 90, 91, 92, 93, 94, 95, 96, 97, 98, 99, 100, 101, 102, 103, 105, 106, 107, 108, 114, 125, 126, 133, 138, 139, 144, 145, 147], "summary": {"covered_lines": 46, "num_statements": 46, "percent_covered": 100.0, "percent_covered_display": "100", "missing_lines": 0, "excluded_lines": 0, "percent_statements_covered": 100.0, "percent_statements_covered_display": "100"}, "missing_lines": [], "excluded_lines": [], "start_line": 46}, "ProfileBuilder.build.channel_stats": {"executed_lines": [115, 116, 117, 118, 123], "summary": {"covered_lines": 5, "num_statements": 5, "percent_covered": 100.0, "percent_covered_display": "100", "missing_lines": 0, "excluded_lines": 0, "percent_statements_covered": 100.0, "percent_statements_covered_display": "100"}, "missing_lines": [], "excluded_lines": [], "start_line": 114}, "": {"executed_lines": [1, 3, 4, 5, 6, 7, 9, 11, 20, 30, 37, 43, 46], "summary": {"covered_lines": 13, "num_statements": 13, "percent_covered": 100.0, "percent_covered_display": "100", "missing_lines": 0, "excluded_lines": 0, "percent_statements_covered": 100.0, "percent_statements_covered_display": "100"}, "missing_lines": [], "excluded_lines": [], "start_line": 1}}, "classes": {"ProfileBuilder": {"executed_lines": [54, 55, 67, 72, 73, 74, 76, 77, 78, 79, 80, 81, 82, 84, 85, 86, 87, 88, 89, 90, 91, 92, 93, 94, 95, 96, 97, 98, 99, 100, 101, 102, 103, 105, 106, 107, 108, 114, 115, 116, 117, 118, 123, 125, 126, 133, 138, 139, 144, 145, 147], "summary": {"covered_lines": 51, "num_statements": 51, "percent_covered": 100.0, "percent_covered_display": "100", "missing_lines": 0, "excluded_lines": 0, "percent_statements_covered": 100.0, "percent_statements_covered_display": "100"}, "missing_lines": [], "excluded_lines": [], "start_line": 43}, "": {"executed_lines": [1, 3, 4, 5, 6, 7, 9, 11, 20, 21, 24, 25, 27, 30, 31, 32, 33, 34, 37, 38, 39, 40, 43, 46], "summary": {"covered_lines": 24, "num_statements": 26, "percent_covered": 92.3076923076923, "percent_covered_display": "92", "missing_lines": 2, "excluded_lines": 0, "percent_statements_covered": 92.3076923076923, "percent_statements_covered_display": "92"}, "missing_lines": [22, 26], "excluded_lines": [], "start_line": 1}}}, "src/aegistwin/resilience.py": {"executed_lines": [1, 3, 4, 5, 6, 7, 9, 10, 11, 12, 15, 16, 17, 18, 19, 20, 21, 22, 23, 24, 26, 27, 40, 41, 54, 57, 58, 59, 61, 62, 63, 69, 77, 78, 87, 92, 93, 95, 96, 98, 99, 104, 105, 108, 110, 111, 112, 114, 115, 116, 117, 119, 127, 128, 129, 130, 131, 132, 133, 134, 139, 142, 151, 152, 153, 165, 166, 167, 168, 169, 173, 179, 181, 192, 193, 194, 195, 197, 204, 205, 207, 208, 214, 222, 223, 224, 225, 226, 227, 228, 229, 234, 235, 236, 237, 238, 239, 241, 242, 243, 244, 254], "summary": {"covered_lines": 102, "num_statements": 112, "percent_covered": 91.07142857142857, "percent_covered_display": "91", "missing_lines": 10, "excluded_lines": 0, "percent_statements_covered": 91.07142857142857, "percent_statements_covered_display": "91"}, "missing_lines": [97, 106, 107, 113, 141, 180, 230, 231, 232, 240], "excluded_lines": [], "functions": {"ResilienceContext.as_dict": {"executed_lines": [27], "summary": {"covered_lines": 1, "num_statements": 1, "percent_covered": 100.0, "percent_covered_display": "100", "missing_lines": 0, "excluded_lines": 0, "percent_statements_covered": 100.0, "percent_statements_covered_display": "100"}, "missing_lines": [], "excluded_lines": [], "start_line": 26}, "heartbeat_material": {"executed_lines": [41], "summary": {"covered_lines": 1, "num_statements": 1, "percent_covered": 100.0, "percent_covered_display": "100", "missing_lines": 0, "excluded_lines": 0, "percent_statements_covered": 100.0, "percent_statements_covered_display": "100"}, "missing_lines": [], "excluded_lines": [], "start_line": 40}, "ResilienceController.__init__": {"executed_lines": [58, 59], "summary": {"covered_lines": 2, "num_statements": 2, "percent_covered": 100.0, "percent_covered_display": "100", "missing_lines": 0, "excluded_lines": 0, "percent_statements_covered": 100.0, "percent_statements_covered_display": "100"}, "missing_lines": [], "excluded_lines": [], "start_line": 57}, "ResilienceController.sign_heartbeat": {"executed_lines": [62, 63], "summary": {"covered_lines": 2, "num_statements": 2, "percent_covered": 100.0, "percent_covered_display": "100", "missing_lines": 0, "excluded_lines": 0, "percent_statements_covered": 100.0, "percent_statements_covered_display": "100"}, "missing_lines": [], "excluded_lines": [], "start_line": 61}, "ResilienceController.create_capsule": {"executed_lines": [77, 78, 87, 92, 93], "summary": {"covered_lines": 5, "num_statements": 5, "percent_covered": 100.0, "percent_covered_display": "100", "missing_lines": 0, "excluded_lines": 0, "percent_statements_covered": 100.0, "percent_statements_covered_display": "100"}, "missing_lines": [], "excluded_lines": [], "start_line": 69}, "ResilienceController.verify_capsule": {"executed_lines": [96, 98, 99, 104, 105, 108], "summary": {"covered_lines": 6, "num_statements": 9, "percent_covered": 66.66666666666667, "percent_covered_display": "67", "missing_lines": 3, "excluded_lines": 0, "percent_statements_covered": 66.66666666666667, "percent_statements_covered_display": "67"}, "missing_lines": [97, 106, 107], "excluded_lines": [], "start_line": 95}, "ResilienceController.apply_heartbeat": {"executed_lines": [111, 112, 114, 115, 116, 117, 119, 127, 128, 129, 130, 131, 132, 133, 134, 139, 142], "summary": {"covered_lines": 17, "num_statements": 19, "percent_covered": 89.47368421052632, "percent_covered_display": "89", "missing_lines": 2, "excluded_lines": 0, "percent_statements_covered": 89.47368421052632, "percent_statements_covered_display": "89"}, "missing_lines": [113, 141], "excluded_lines": [], "start_line": 110}, "ResilienceController.context": {"executed_lines": [152, 153, 165, 166, 167, 168, 169, 173, 179, 181], "summary": {"covered_lines": 10, "num_statements": 11, "percent_covered": 90.9090909090909, "percent_covered_display": "91", "missing_lines": 1, "excluded_lines": 0, "percent_statements_covered": 90.9090909090909, "percent_statements_covered_display": "91"}, "missing_lines": [180], "excluded_lines": [], "start_line": 151}, "ResilienceController.offline_reference": {"executed_lines": [194, 195], "summary": {"covered_lines": 2, "num_statements": 2, "percent_covered": 100.0, "percent_covered_display": "100", "missing_lines": 0, "excluded_lines": 0, "percent_statements_covered": 100.0, "percent_statements_covered_display": "100"}, "missing_lines": [], "excluded_lines": [], "start_line": 193}, "ResilienceController.apply_safety_envelope": {"executed_lines": [204, 205, 207, 208, 214, 222, 223, 224, 225, 226, 227, 228, 229, 234, 235, 236, 237, 238, 239, 241, 242, 243, 244, 254], "summary": {"covered_lines": 24, "num_statements": 28, "percent_covered": 85.71428571428571, "percent_covered_display": "86", "missing_lines": 4, "excluded_lines": 0, "percent_statements_covered": 85.71428571428571, "percent_statements_covered_display": "86"}, "missing_lines": [230, 231, 232, 240], "excluded_lines": [], "start_line": 197}, "": {"executed_lines": [1, 3, 4, 5, 6, 7, 9, 10, 11, 12, 15, 16, 17, 18, 19, 20, 21, 22, 23, 24, 26, 40, 54, 57, 61, 69, 95, 110, 151, 192, 193, 197], "summary": {"covered_lines": 32, "num_statements": 32, "percent_covered": 100.0, "percent_covered_display": "100", "missing_lines": 0, "excluded_lines": 0, "percent_statements_covered": 100.0, "percent_statements_covered_display": "100"}, "missing_lines": [], "excluded_lines": [], "start_line": 1}}, "classes": {"ResilienceContext": {"executed_lines": [27], "summary": {"covered_lines": 1, "num_statements": 1, "percent_covered": 100.0, "percent_covered_display": "100", "missing_lines": 0, "excluded_lines": 0, "percent_statements_covered": 100.0, "percent_statements_covered_display": "100"}, "missing_lines": [], "excluded_lines": [], "start_line": 16}, "ResilienceController": {"executed_lines": [58, 59, 62, 63, 77, 78, 87, 92, 93, 96, 98, 99, 104, 105, 108, 111, 112, 114, 115, 116, 117, 119, 127, 128, 129, 130, 131, 132, 133, 134, 139, 142, 152, 153, 165, 166, 167, 168, 169, 173, 179, 181, 194, 195, 204, 205, 207, 208, 214, 222, 223, 224, 225, 226, 227, 228, 229, 234, 235, 236, 237, 238, 239, 241, 242, 243, 244, 254], "summary": {"covered_lines": 68, "num_statements": 78, "percent_covered": 87.17948717948718, "percent_covered_display": "87", "missing_lines": 10, "excluded_lines": 0, "percent_statements_covered": 87.17948717948718, "percent_statements_covered_display": "87"}, "missing_lines": [97, 106, 107, 113, 141, 180, 230, 231, 232, 240], "excluded_lines": [], "start_line": 54}, "": {"executed_lines": [1, 3, 4, 5, 6, 7, 9, 10, 11, 12, 15, 16, 17, 18, 19, 20, 21, 22, 23, 24, 26, 40, 41, 54, 57, 61, 69, 95, 110, 151, 192, 193, 197], "summary": {"covered_lines": 33, "num_statements": 33, "percent_covered": 100.0, "percent_covered_display": "100", "missing_lines": 0, "excluded_lines": 0, "percent_statements_covered": 100.0, "percent_statements_covered_display": "100"}, "missing_lines": [], "excluded_lines": [], "start_line": 1}}}, "src/aegistwin/schemas.py": {"executed_lines": [1, 3, 4, 5, 7, 10, 11, 12, 13, 14, 17, 18, 19, 20, 21, 24, 25, 26, 27, 28, 29, 30, 31, 32, 33, 36, 37, 38, 39, 40, 41, 44, 45, 46, 47, 48, 49, 50, 53, 54, 55, 56, 57, 60, 61, 62, 63, 64, 67, 68, 69, 70, 73, 74, 75, 76, 77, 78, 81, 82, 83, 84, 85, 86, 87, 90, 93, 94, 95, 96, 97, 98, 99, 100, 101, 104, 107, 108, 109, 110, 111, 112, 113, 114, 115, 118, 121, 122, 123, 124, 125, 126, 127, 128, 130, 131, 132, 134, 136, 139, 140, 142, 143, 144, 145, 146, 147, 148, 149, 150, 151, 152, 153, 154, 155, 156, 157, 158, 159, 160, 161, 162, 163, 164, 165, 166, 167, 169, 170, 171, 172, 174, 176, 177, 178, 180, 187, 189, 191, 193, 196, 197, 198, 199, 202, 203, 204, 205, 206, 207, 210, 211, 212, 213, 214, 215, 216, 217, 218, 219, 220, 221, 224, 225, 226, 227, 228, 229, 230, 233, 234, 235, 236, 237, 238, 241, 242, 243, 244, 245, 246, 247, 250, 251, 252, 253, 254, 255, 256, 257, 258, 259, 260, 263, 264, 265, 266, 267, 270, 271, 272, 273, 274, 277, 278, 279, 280, 281, 284, 285, 286, 287, 288, 289, 290, 291, 292, 293, 296, 297, 298, 299, 300, 301, 302, 303, 304, 305, 306, 307, 308, 309, 310, 311, 312, 313, 314, 315, 316, 317, 318, 319, 320, 323, 324, 325, 326, 327, 328, 329, 330, 331, 332, 333, 334, 335, 336, 337, 338, 341, 342, 343, 344, 345, 346, 349, 350, 351, 352, 353, 354, 355, 358, 359, 360, 361, 362, 365, 366, 367, 368, 369, 370, 371, 372, 375, 376, 377, 380, 381, 382, 383, 384, 387, 388, 389, 390, 391, 392, 393, 400, 401, 402, 403, 405, 406, 407, 408, 410, 413, 414, 415, 416, 417, 418, 420, 421, 422, 423, 425, 428, 429, 430, 431, 432, 435, 436, 437, 438, 439, 440, 441, 442, 443, 444, 445, 447, 448, 449, 450, 452, 455, 456, 459, 460, 463, 464, 465, 466, 469, 470, 471, 472, 473, 476, 477, 478, 479, 480, 481, 484, 485, 486, 487, 490, 491, 492, 493, 494, 495, 498, 499, 500, 501, 502, 505, 506, 507, 508, 509, 510, 511, 512, 513, 514, 515, 516, 517, 518], "summary": {"covered_lines": 389, "num_statements": 399, "percent_covered": 97.4937343358396, "percent_covered_display": "97", "missing_lines": 10, "excluded_lines": 0, "percent_statements_covered": 97.4937343358396, "percent_statements_covered_display": "97"}, "missing_lines": [133, 135, 173, 179, 188, 190, 192, 409, 424, 451], "excluded_lines": [], "functions": {"AgentTerminalAssurance.validate_pairs": {"executed_lines": [132, 134, 136], "summary": {"covered_lines": 3, "num_statements": 5, "percent_covered": 60.0, "percent_covered_display": "60", "missing_lines": 2, "excluded_lines": 0, "percent_statements_covered": 60.0, "percent_statements_covered_display": "60"}, "missing_lines": [133, 135], "excluded_lines": [], "start_line": 131}, "BehaviorEventIn.require_timezone": {"executed_lines": [172, 174], "summary": {"covered_lines": 2, "num_statements": 3, "percent_covered": 66.66666666666667, "percent_covered_display": "67", "missing_lines": 1, "excluded_lines": 0, "percent_statements_covered": 66.66666666666667, "percent_statements_covered_display": "67"}, "missing_lines": [173], "excluded_lines": [], "start_line": 171}, "BehaviorEventIn.validate_coordinates_and_transaction": {"executed_lines": [178, 180, 187, 189, 191, 193], "summary": {"covered_lines": 6, "num_statements": 10, "percent_covered": 60.0, "percent_covered_display": "60", "missing_lines": 4, "excluded_lines": 0, "percent_statements_covered": 60.0, "percent_statements_covered_display": "60"}, "missing_lines": [179, 188, 190, 192], "excluded_lines": [], "start_line": 177}, "FraudSketchReportRequest.sketch_time_requires_timezone": {"executed_lines": [408, 410], "summary": {"covered_lines": 2, "num_statements": 3, "percent_covered": 66.66666666666667, "percent_covered_display": "67", "missing_lines": 1, "excluded_lines": 0, "percent_statements_covered": 66.66666666666667, "percent_statements_covered_display": "67"}, "missing_lines": [409], "excluded_lines": [], "start_line": 407}, "FraudSketchRevocationRequest.revocation_time_requires_timezone": {"executed_lines": [423, 425], "summary": {"covered_lines": 2, "num_statements": 3, "percent_covered": 66.66666666666667, "percent_covered_display": "67", "missing_lines": 1, "excluded_lines": 0, "percent_statements_covered": 66.66666666666667, "percent_statements_covered_display": "67"}, "missing_lines": [424], "excluded_lines": [], "start_line": 422}, "OutageHeartbeatRequest.heartbeat_requires_timezone": {"executed_lines": [450, 452], "summary": {"covered_lines": 2, "num_statements": 3, "percent_covered": 66.66666666666667, "percent_covered_display": "67", "missing_lines": 1, "excluded_lines": 0, "percent_statements_covered": 66.66666666666667, "percent_statements_covered_display": "67"}, "missing_lines": [451], "excluded_lines": [], "start_line": 449}, "": {"executed_lines": [1, 3, 4, 5, 7, 10, 11, 12, 13, 14, 17, 18, 19, 20, 21, 24, 25, 26, 27, 28, 29, 30, 31, 32, 33, 36, 37, 38, 39, 40, 41, 44, 45, 46, 47, 48, 49, 50, 53, 54, 55, 56, 57, 60, 61, 62, 63, 64, 67, 68, 69, 70, 73, 74, 75, 76, 77, 78, 81, 82, 83, 84, 85, 86, 87, 90, 93, 94, 95, 96, 97, 98, 99, 100, 101, 104, 107, 108, 109, 110, 111, 112, 113, 114, 115, 118, 121, 122, 123, 124, 125, 126, 127, 128, 130, 131, 139, 140, 142, 143, 144, 145, 146, 147, 148, 149, 150, 151, 152, 153, 154, 155, 156, 157, 158, 159, 160, 161, 162, 163, 164, 165, 166, 167, 169, 170, 171, 176, 177, 196, 197, 198, 199, 202, 203, 204, 205, 206, 207, 210, 211, 212, 213, 214, 215, 216, 217, 218, 219, 220, 221, 224, 225, 226, 227, 228, 229, 230, 233, 234, 235, 236, 237, 238, 241, 242, 243, 244, 245, 246, 247, 250, 251, 252, 253, 254, 255, 256, 257, 258, 259, 260, 263, 264, 265, 266, 267, 270, 271, 272, 273, 274, 277, 278, 279, 280, 281, 284, 285, 286, 287, 288, 289, 290, 291, 292, 293, 296, 297, 298, 299, 300, 301, 302, 303, 304, 305, 306, 307, 308, 309, 310, 311, 312, 313, 314, 315, 316, 317, 318, 319, 320, 323, 324, 325, 326, 327, 328, 329, 330, 331, 332, 333, 334, 335, 336, 337, 338, 341, 342, 343, 344, 345, 346, 349, 350, 351, 352, 353, 354, 355, 358, 359, 360, 361, 362, 365, 366, 367, 368, 369, 370, 371, 372, 375, 376, 377, 380, 381, 382, 383, 384, 387, 388, 389, 390, 391, 392, 393, 400, 401, 402, 403, 405, 406, 407, 413, 414, 415, 416, 417, 418, 420, 421, 422, 428, 429, 430, 431, 432, 435, 436, 437, 438, 439, 440, 441, 442, 443, 444, 445, 447, 448, 449, 455, 456, 459, 460, 463, 464, 465, 466, 469, 470, 471, 472, 473, 476, 477, 478, 479, 480, 481, 484, 485, 486, 487, 490, 491, 492, 493, 494, 495, 498, 499, 500, 501, 502, 505, 506, 507, 508, 509, 510, 511, 512, 513, 514, 515, 516, 517, 518], "summary": {"covered_lines": 372, "num_statements": 372, "percent_covered": 100.0, "percent_covered_display": "100", "missing_lines": 0, "excluded_lines": 0, "percent_statements_covered": 100.0, "percent_statements_covered_display": "100"}, "missing_lines": [], "excluded_lines": [], "start_line": 1}}, "classes": {"Channel": {"executed_lines": [], "summary": {"covered_lines": 0, "num_statements": 0, "percent_covered": 100.0, "percent_covered_display": "100", "missing_lines": 0, "excluded_lines": 0, "percent_statements_covered": 100.0, "percent_statements_covered_display": "100"}, "missing_lines": [], "excluded_lines": [], "start_line": 10}, "InputMethod": {"executed_lines": [], "summary": {"covered_lines": 0, "num_statements": 0, "percent_covered": 100.0, "percent_covered_display": "100", "missing_lines": 0, "excluded_lines": 0, "percent_statements_covered": 100.0, "percent_statements_covered_display": "100"}, "missing_lines": [], "excluded_lines": [], "start_line": 17}, "EventType": {"executed_lines": [], "summary": {"covered_lines": 0, "num_statements": 0, "percent_covered": 100.0, "percent_covered_display": "100", "missing_lines": 0, "excluded_lines": 0, "percent_statements_covered": 100.0, "percent_statements_covered_display": "100"}, "missing_lines": [], "excluded_lines": [], "start_line": 24}, "RiskLevel": {"executed_lines": [], "summary": {"covered_lines": 0, "num_statements": 0, "percent_covered": 100.0, "percent_covered_display": "100", "missing_lines": 0, "excluded_lines": 0, "percent_statements_covered": 100.0, "percent_statements_covered_display": "100"}, "missing_lines": [], "excluded_lines": [], "start_line": 36}, "ResponseAction": {"executed_lines": [], "summary": {"covered_lines": 0, "num_statements": 0, "percent_covered": 100.0, "percent_covered_display": "100", "missing_lines": 0, "excluded_lines": 0, "percent_statements_covered": 100.0, "percent_statements_covered_display": "100"}, "missing_lines": [], "excluded_lines": [], "start_line": 44}, "ResilienceMode": {"executed_lines": [], "summary": {"covered_lines": 0, "num_statements": 0, "percent_covered": 100.0, "percent_covered_display": "100", "missing_lines": 0, "excluded_lines": 0, "percent_statements_covered": 100.0, "percent_statements_covered_display": "100"}, "missing_lines": [], "excluded_lines": [], "start_line": 53}, "FeedbackLabel": {"executed_lines": [], "summary": {"covered_lines": 0, "num_statements": 0, "percent_covered": 100.0, "percent_covered_display": "100", "missing_lines": 0, "excluded_lines": 0, "percent_statements_covered": 100.0, "percent_statements_covered_display": "100"}, "missing_lines": [], "excluded_lines": [], "start_line": 60}, "FraudSketchIndicatorType": {"executed_lines": [], "summary": {"covered_lines": 0, "num_statements": 0, "percent_covered": 100.0, "percent_covered_display": "100", "missing_lines": 0, "excluded_lines": 0, "percent_statements_covered": 100.0, "percent_statements_covered_display": "100"}, "missing_lines": [], "excluded_lines": [], "start_line": 67}, "AccountCreate": {"executed_lines": [], "summary": {"covered_lines": 0, "num_statements": 0, "percent_covered": 100.0, "percent_covered_display": "100", "missing_lines": 0, "excluded_lines": 0, "percent_statements_covered": 100.0, "percent_statements_covered_display": "100"}, "missing_lines": [], "excluded_lines": [], "start_line": 73}, "AccountResponse": {"executed_lines": [], "summary": {"covered_lines": 0, "num_statements": 0, "percent_covered": 100.0, "percent_covered_display": "100", "missing_lines": 0, "excluded_lines": 0, "percent_statements_covered": 100.0, "percent_statements_covered_display": "100"}, "missing_lines": [], "excluded_lines": [], "start_line": 81}, "TelcoAssurance": {"executed_lines": [], "summary": {"covered_lines": 0, "num_statements": 0, "percent_covered": 100.0, "percent_covered_display": "100", "missing_lines": 0, "excluded_lines": 0, "percent_statements_covered": 100.0, "percent_statements_covered_display": "100"}, "missing_lines": [], "excluded_lines": [], "start_line": 90}, "CoercionSignals": {"executed_lines": [], "summary": {"covered_lines": 0, "num_statements": 0, "percent_covered": 100.0, "percent_covered_display": "100", "missing_lines": 0, "excluded_lines": 0, "percent_statements_covered": 100.0, "percent_statements_covered_display": "100"}, "missing_lines": [], "excluded_lines": [], "start_line": 104}, "AgentTerminalAssurance": {"executed_lines": [132, 134, 136], "summary": {"covered_lines": 3, "num_statements": 5, "percent_covered": 60.0, "percent_covered_display": "60", "missing_lines": 2, "excluded_lines": 0, "percent_statements_covered": 60.0, "percent_statements_covered_display": "60"}, "missing_lines": [133, 135], "excluded_lines": [], "start_line": 118}, "BehaviorEventIn": {"executed_lines": [172, 174, 178, 180, 187, 189, 191, 193], "summary": {"covered_lines": 8, "num_statements": 13, "percent_covered": 61.53846153846154, "percent_covered_display": "62", "missing_lines": 5, "excluded_lines": 0, "percent_statements_covered": 61.53846153846154, "percent_statements_covered_display": "62"}, "missing_lines": [173, 179, 188, 190, 192], "excluded_lines": [], "start_line": 139}, "Reason": {"executed_lines": [], "summary": {"covered_lines": 0, "num_statements": 0, "percent_covered": 100.0, "percent_covered_display": "100", "missing_lines": 0, "excluded_lines": 0, "percent_statements_covered": 100.0, "percent_statements_covered_display": "100"}, "missing_lines": [], "excluded_lines": [], "start_line": 196}, "ScoreBreakdown": {"executed_lines": [], "summary": {"covered_lines": 0, "num_statements": 0, "percent_covered": 100.0, "percent_covered_display": "100", "missing_lines": 0, "excluded_lines": 0, "percent_statements_covered": 100.0, "percent_statements_covered_display": "100"}, "missing_lines": [], "excluded_lines": [], "start_line": 202}, "PolicyResult": {"executed_lines": [], "summary": {"covered_lines": 0, "num_statements": 0, "percent_covered": 100.0, "percent_covered_display": "100", "missing_lines": 0, "excluded_lines": 0, "percent_statements_covered": 100.0, "percent_statements_covered_display": "100"}, "missing_lines": [], "excluded_lines": [], "start_line": 210}, "DecisionConfidenceSummary": {"executed_lines": [], "summary": {"covered_lines": 0, "num_statements": 0, "percent_covered": 100.0, "percent_covered_display": "100", "missing_lines": 0, "excluded_lines": 0, "percent_statements_covered": 100.0, "percent_statements_covered_display": "10
[...]
028, 1029, 1030, 1031, 1034, 1035, 1036, 1037, 1038, 1040, 1041, 1042, 1046, 1047, 1051], "summary": {"covered_lines": 15, "num_statements": 16, "percent_covered": 93.75, "percent_covered_display": "94", "missing_lines": 1, "excluded_lines": 0, "percent_statements_covered": 93.75, "percent_statements_covered_display": "94"}, "missing_lines": [1039], "excluded_lines": [], "start_line": 1025}, "Database.record_consortium_report": {"executed_lines": [1056, 1057, 1063, 1066, 1067, 1068], "summary": {"covered_lines": 6, "num_statements": 6, "percent_covered": 100.0, "percent_covered_display": "100", "missing_lines": 0, "excluded_lines": 0, "percent_statements_covered": 100.0, "percent_statements_covered_display": "100"}, "missing_lines": [], "excluded_lines": [], "start_line": 1053}, "Database.consortium_score": {"executed_lines": [1071, 1072, 1075, 1076, 1077], "summary": {"covered_lines": 5, "num_statements": 5, "percent_covered": 100.0, "percent_covered_display": "100", "missing_lines": 0, "excluded_lines": 0, "percent_statements_covered": 100.0, "percent_statements_covered_display": "100"}, "missing_lines": [], "excluded_lines": [], "start_line": 1070}, "Database.claim_fraud_sketch_nonce": {"executed_lines": [1080, 1081, 1086], "summary": {"covered_lines": 3, "num_statements": 3, "percent_covered": 100.0, "percent_covered_display": "100", "missing_lines": 0, "excluded_lines": 0, "percent_statements_covered": 100.0, "percent_statements_covered_display": "100"}, "missing_lines": [], "excluded_lines": [], "start_line": 1079}, "Database.fraud_sketch_report_count": {"executed_lines": [1091, 1092, 1097], "summary": {"covered_lines": 3, "num_statements": 3, "percent_covered": 100.0, "percent_covered_display": "100", "missing_lines": 0, "excluded_lines": 0, "percent_statements_covered": 100.0, "percent_statements_covered_display": "100"}, "missing_lines": [], "excluded_lines": [], "start_line": 1088}, "Database.record_fraud_sketch_report": {"executed_lines": [1100, 1101, 1104, 1110, 1144, 1147, 1148, 1149], "summary": {"covered_lines": 8, "num_statements": 13, "percent_covered": 61.53846153846154, "percent_covered_display": "62", "missing_lines": 5, "excluded_lines": 0, "percent_statements_covered": 61.53846153846154, "percent_statements_covered_display": "62"}, "missing_lines": [1105, 1106, 1107, 1108, 1109], "excluded_lines": [], "start_line": 1099}, "Database.get_fraud_sketch_report": {"executed_lines": [1152, 1153, 1156], "summary": {"covered_lines": 3, "num_statements": 3, "percent_covered": 100.0, "percent_covered_display": "100", "missing_lines": 0, "excluded_lines": 0, "percent_statements_covered": 100.0, "percent_statements_covered_display": "100"}, "missing_lines": [], "excluded_lines": [], "start_line": 1151}, "Database.revoke_fraud_sketch_report": {"executed_lines": [1165, 1166, 1169, 1171, 1173, 1177, 1182, 1185, 1186, 1187], "summary": {"covered_lines": 10, "num_statements": 15, "percent_covered": 66.66666666666667, "percent_covered_display": "67", "missing_lines": 5, "excluded_lines": 0, "percent_statements_covered": 66.66666666666667, "percent_statements_covered_display": "67"}, "missing_lines": [1170, 1172, 1174, 1175, 1176], "excluded_lines": [], "start_line": 1158}, "Database.fraud_sketch_reports": {"executed_lines": [1194, 1196, 1197, 1198, 1203], "summary": {"covered_lines": 5, "num_statements": 6, "percent_covered": 83.33333333333333, "percent_covered_display": "83", "missing_lines": 1, "excluded_lines": 0, "percent_statements_covered": 83.33333333333333, "percent_statements_covered_display": "83"}, "missing_lines": [1195], "excluded_lines": [], "start_line": 1189}, "Database.save_fraud_sketch_capsule": {"executed_lines": [1208, 1209, 1235], "summary": {"covered_lines": 3, "num_statements": 3, "percent_covered": 100.0, "percent_covered_display": "100", "missing_lines": 0, "excluded_lines": 0, "percent_statements_covered": 100.0, "percent_statements_covered_display": "100"}, "missing_lines": [], "excluded_lines": [], "start_line": 1205}, "Database.fraud_sketch_capsules": {"executed_lines": [1240, 1242, 1243, 1244, 1249], "summary": {"covered_lines": 5, "num_statements": 6, "percent_covered": 83.33333333333333, "percent_covered_display": "83", "missing_lines": 1, "excluded_lines": 0, "percent_statements_covered": 83.33333333333333, "percent_statements_covered_display": "83"}, "missing_lines": [1241], "excluded_lines": [], "start_line": 1237}, "Database.create_privacy_request": {"executed_lines": [1255, 1256, 1261], "summary": {"covered_lines": 3, "num_statements": 3, "percent_covered": 100.0, "percent_covered_display": "100", "missing_lines": 0, "excluded_lines": 0, "percent_statements_covered": 100.0, "percent_statements_covered_display": "100"}, "missing_lines": [], "excluded_lines": [], "start_line": 1254}, "Database.decision_scores": {"executed_lines": [1264, 1265, 1269], "summary": {"covered_lines": 3, "num_statements": 3, "percent_covered": 100.0, "percent_covered_display": "100", "missing_lines": 0, "excluded_lines": 0, "percent_statements_covered": 100.0, "percent_statements_covered_display": "100"}, "missing_lines": [], "excluded_lines": [], "start_line": 1263}, "Database.anchor_audit": {"executed_lines": [1272, 1273, 1274, 1275, 1279], "summary": {"covered_lines": 5, "num_statements": 5, "percent_covered": 100.0, "percent_covered_display": "100", "missing_lines": 0, "excluded_lines": 0, "percent_statements_covered": 100.0, "percent_statements_covered_display": "100"}, "missing_lines": [], "excluded_lines": [], "start_line": 1271}, "Database.save_resilience_capsule": {"executed_lines": [1288, 1289, 1293, 1306], "summary": {"covered_lines": 4, "num_statements": 4, "percent_covered": 100.0, "percent_covered_display": "100", "missing_lines": 0, "excluded_lines": 0, "percent_statements_covered": 100.0, "percent_statements_covered_display": "100"}, "missing_lines": [], "excluded_lines": [], "start_line": 1281}, "Database.get_active_resilience_capsule": {"executed_lines": [1317, 1318, 1323, 1324, 1325, 1326, 1327, 1328], "summary": {"covered_lines": 8, "num_statements": 8, "percent_covered": 100.0, "percent_covered_display": "100", "missing_lines": 0, "excluded_lines": 0, "percent_statements_covered": 100.0, "percent_statements_covered_display": "100"}, "missing_lines": [], "excluded_lines": [], "start_line": 1316}, "Database.claim_resilience_nonce": {"executed_lines": [1331, 1332, 1333, 1337, 1338, 1339], "summary": {"covered_lines": 6, "num_statements": 6, "percent_covered": 100.0, "percent_covered_display": "100", "missing_lines": 0, "excluded_lines": 0, "percent_statements_covered": 100.0, "percent_statements_covered_display": "100"}, "missing_lines": [], "excluded_lines": [], "start_line": 1330}, "Database.set_resilience_state": {"executed_lines": [1351, 1352, 1353, 1370], "summary": {"covered_lines": 4, "num_statements": 4, "percent_covered": 100.0, "percent_covered_display": "100", "missing_lines": 0, "excluded_lines": 0, "percent_statements_covered": 100.0, "percent_statements_covered_display": "100"}, "missing_lines": [], "excluded_lines": [], "start_line": 1341}, "Database.get_resilience_state": {"executed_lines": [1373, 1374, 1377, 1378, 1379, 1380, 1381], "summary": {"covered_lines": 7, "num_statements": 7, "percent_covered": 100.0, "percent_covered_display": "100", "missing_lines": 0, "excluded_lines": 0, "percent_statements_covered": 100.0, "percent_statements_covered_display": "100"}, "missing_lines": [], "excluded_lines": [], "start_line": 1372}, "Database.append_offline_journal": {"executed_lines": [1391, 1392, 1393, 1394, 1395, 1399, 1400, 1409, 1426], "summary": {"covered_lines": 9, "num_statements": 9, "percent_covered": 100.0, "percent_covered_display": "100", "missing_lines": 0, "excluded_lines": 0, "percent_statements_covered": 100.0, "percent_statements_covered_display": "100"}, "missing_lines": [], "excluded_lines": [], "start_line": 1383}, "Database.list_offline_journal": {"executed_lines": [1443, 1444, 1445, 1446, 1447, 1448, 1449, 1450, 1451, 1452, 1453, 1454, 1455, 1456, 1457, 1458], "summary": {"covered_lines": 16, "num_statements": 16, "percent_covered": 100.0, "percent_covered_display": "100", "missing_lines": 0, "excluded_lines": 0, "percent_statements_covered": 100.0, "percent_statements_covered_display": "100"}, "missing_lines": [], "excluded_lines": [], "start_line": 1436}, "Database.verify_offline_journal": {"executed_lines": [1461, 1462, 1463, 1464, 1465, 1474, 1475, 1481, 1482, 1483], "summary": {"covered_lines": 10, "num_statements": 10, "percent_covered": 100.0, "percent_covered_display": "100", "missing_lines": 0, "excluded_lines": 0, "percent_statements_covered": 100.0, "percent_statements_covered_display": "100"}, "missing_lines": [], "excluded_lines": [], "start_line": 1460}, "Database.mark_offline_reconciled": {"executed_lines": [1491, 1492], "summary": {"covered_lines": 2, "num_statements": 2, "percent_covered": 100.0, "percent_covered_display": "100", "missing_lines": 0, "excluded_lines": 0, "percent_statements_covered": 100.0, "percent_statements_covered_display": "100"}, "missing_lines": [], "excluded_lines": [], "start_line": 1490}, "Database.start_reconciliation_run": {"executed_lines": [1499, 1500], "summary": {"covered_lines": 2, "num_statements": 2, "percent_covered": 100.0, "percent_covered_display": "100", "missing_lines": 0, "excluded_lines": 0, "percent_statements_covered": 100.0, "percent_statements_covered_display": "100"}, "missing_lines": [], "excluded_lines": [], "start_line": 1498}, "Database.finish_reconciliation_run": {"executed_lines": [1517, 1518, 1531, 1534, 1535, 1536, 1537], "summary": {"covered_lines": 7, "num_statements": 7, "percent_covered": 100.0, "percent_covered_display": "100", "missing_lines": 0, "excluded_lines": 0, "percent_statements_covered": 100.0, "percent_statements_covered_display": "100"}, "missing_lines": [], "excluded_lines": [], "start_line": 1507}, "Database.complete_reconciliation": {"executed_lines": [1540, 1541, 1548], "summary": {"covered_lines": 3, "num_statements": 3, "percent_covered": 100.0, "percent_covered_display": "100", "missing_lines": 0, "excluded_lines": 0, "percent_statements_covered": 100.0, "percent_statements_covered_display": "100"}, "missing_lines": [], "excluded_lines": [], "start_line": 1539}, "Database.metrics": {"executed_lines": [1558, 1559, 1560, 1561, 1562, 1565, 1568, 1571, 1572, 1573, 1574, 1577, 1580, 1585, 1590], "summary": {"covered_lines": 15, "num_statements": 15, "percent_covered": 100.0, "percent_covered_display": "100", "missing_lines": 0, "excluded_lines": 0, "percent_statements_covered": 100.0, "percent_statements_covered_display": "100"}, "missing_lines": [], "excluded_lines": [], "start_line": 1557}, "": {"executed_lines": [1, 3, 4, 5, 6, 7, 8, 9, 10, 11, 12, 15, 19, 25, 29, 35, 41, 56, 59, 64, 65, 80, 435, 457, 468, 475, 482, 509, 538, 559, 575, 587, 637, 644, 651, 662, 663, 681, 699, 723, 770, 803, 857, 907, 921, 930, 935, 950, 960, 977, 989, 996, 1004, 1013, 1020, 1025, 1053, 1070, 1079, 1088, 1099, 1151, 1158, 1189, 1205, 1237, 1254, 1263, 1271, 1281, 1316, 1330, 1341, 1372, 1383, 1436, 1460, 1490, 1498, 1507, 1539, 1557], "summary": {"covered_lines": 82, "num_statements": 82, "percent_covered": 100.0, "percent_covered_display": "100", "missing_lines": 0, "excluded_lines": 0, "percent_statements_covered": 100.0, "percent_statements_covered_display": "100"}, "missing_lines": [], "excluded_lines": [], "start_line": 1}}, "classes": {"Database": {"executed_lines": [60, 61, 62, 66, 67, 68, 69, 70, 71, 72, 73, 74, 75, 76, 78, 83, 84, 85, 86, 365, 366, 367, 370, 375, 381, 387, 391, 397, 403, 404, 409, 410, 418, 426, 427, 428, 429, 430, 431, 432, 433, 436, 437, 438, 455, 458, 459, 462, 463, 464, 465, 466, 469, 470, 473, 476, 477, 480, 483, 484, 485, 504, 518, 519, 520, 521, 522, 523, 524, 525, 526, 527, 533, 534, 535, 536, 548, 549, 557, 560, 561, 562, 563, 576, 577, 581, 583, 584, 585, 588, 589, 638, 639, 645, 646, 649, 652, 653, 660, 664, 665, 666, 667, 668, 669, 670, 671, 672, 673, 674, 675, 676, 677, 678, 679, 682, 683, 684, 697, 700, 701, 702, 715, 716, 726, 727, 735, 736, 740, 741, 749, 750, 751, 752, 756, 757, 758, 759, 760, 761, 773, 774, 775, 776, 779, 780, 781, 782, 783, 784, 785, 786, 801, 810, 811, 820, 821, 825, 826, 835, 836, 837, 838, 842, 843, 844, 845, 846, 847, 865, 866, 867, 868, 872, 873, 874, 875, 876, 877, 878, 879, 903, 911, 912, 913, 922, 923, 924, 926, 927, 928, 931, 932, 933, 936, 937, 938, 942, 943, 944, 948, 964, 965, 966, 970, 974, 975, 981, 982, 983, 987, 990, 991, 994, 997, 998, 1002, 1005, 1006, 1011, 1014, 1015, 1021, 1022, 1023, 1028, 1029, 1030, 1031, 1034, 1035, 1036, 1037, 1038, 1040, 1041, 1042, 1046, 1047, 1051, 1056, 1057, 1063, 1066, 1067, 1068, 1071, 1072, 1075, 1076, 1077, 1080, 1081, 1086, 1091, 1092, 1097, 1100, 1101, 1104, 1110, 1144, 1147, 1148, 1149, 1152, 1153, 1156, 1165, 1166, 1169, 1171, 1173, 1177, 1182, 1185, 1186, 1187, 1194, 1196, 1197, 1198, 1203, 1208, 1209, 1235, 1240, 1242, 1243, 1244, 1249, 1255, 1256, 1261, 1264, 1265, 1269, 1272, 1273, 1274, 1275, 1279, 1288, 1289, 1293, 1306, 1317, 1318, 1323, 1324, 1325, 1326, 1327, 1328, 1331, 1332, 1333, 1337, 1338, 1339, 1351, 1352, 1353, 1370, 1373, 1374, 1377, 1378, 1379, 1380, 1381, 1391, 1392, 1393, 1394, 1395, 1399, 1400, 1409, 1426, 1443, 1444, 1445, 1446, 1447, 1448, 1449, 1450, 1451, 1452, 1453, 1454, 1455, 1456, 1457, 1458, 1461, 1462, 1463, 1464, 1465, 1474, 1475, 1481, 1482, 1483, 1491, 1492, 1499, 1500, 1517, 1518, 1531, 1534, 1535, 1536, 1537, 1540, 1541, 1548, 1558, 1559, 1560, 1561, 1562, 1565, 1568, 1571, 1572, 1573, 1574, 1577, 1580, 1585, 1590], "summary": {"covered_lines": 395, "num_statements": 423, "percent_covered": 93.3806146572104, "percent_covered_display": "93", "missing_lines": 28, "excluded_lines": 0, "percent_statements_covered": 93.3806146572104, "percent_statements_covered_display": "93"}, "missing_lines": [371, 376, 382, 388, 392, 398, 582, 753, 754, 839, 840, 925, 951, 952, 958, 1039, 1105, 1106, 1107, 1108, 1109, 1170, 1172, 1174, 1175, 1176, 1195, 1241], "excluded_lines": [], "start_line": 56}, "": {"executed_lines": [1, 3, 4, 5, 6, 7, 8, 9, 10, 11, 12, 15, 16, 19, 20, 22, 25, 26, 29, 32, 35, 38, 41, 50, 53, 56, 59, 64, 65, 80, 435, 457, 468, 475, 482, 509, 538, 559, 575, 587, 637, 644, 651, 662, 663, 681, 699, 723, 770, 803, 857, 907, 921, 930, 935, 950, 960, 977, 989, 996, 1004, 1013, 1020, 1025, 1053, 1070, 1079, 1088, 1099, 1151, 1158, 1189, 1205, 1237, 1254, 1263, 1271, 1281, 1316, 1330, 1341, 1372, 1383, 1436, 1460, 1490, 1498, 1507, 1539, 1557], "summary": {"covered_lines": 90, "num_statements": 91, "percent_covered": 98.9010989010989, "percent_covered_display": "99", "missing_lines": 1, "excluded_lines": 0, "percent_statements_covered": 98.9010989010989, "percent_statements_covered_display": "99"}, "missing_lines": [21], "excluded_lines": [], "start_line": 1}}}, "src/aegistwin/telemetry.py": {"executed_lines": [1, 3, 4, 5, 6, 9, 10, 11, 12, 13, 15, 16, 17, 19, 20, 21, 22, 24, 33, 40, 41, 42, 44, 45, 47, 48], "summary": {"covered_lines": 26, "num_statements": 34, "percent_covered": 76.47058823529412, "percent_covered_display": "76", "missing_lines": 8, "excluded_lines": 0, "percent_statements_covered": 76.47058823529412, "percent_statements_covered_display": "76"}, "missing_lines": [25, 26, 27, 28, 34, 35, 36, 37], "excluded_lines": [], "functions": {"Telemetry.__init__": {"executed_lines": [11, 12, 13], "summary": {"covered_lines": 3, "num_statements": 3, "percent_covered": 100.0, "percent_covered_display": "100", "missing_lines": 0, "excluded_lines": 0, "percent_statements_covered": 100.0, "percent_statements_covered_display": "100"}, "missing_lines": [], "excluded_lines": [], "start_line": 10}, "Telemetry.increment": {"executed_lines": [16, 17], "summary": {"covered_lines": 2, "num_statements": 2, "percent_covered": 100.0, "percent_covered_display": "100", "missing_lines": 0, "excluded_lines": 0, "percent_statements_covered": 100.0, "percent_statements_covered_display": "100"}, "missing_lines": [], "excluded_lines": [], "start_line": 15}, "Telemetry.observe_latency": {"executed_lines": [20, 21, 22], "summary": {"covered_lines": 3, "num_statements": 3, "percent_covered": 100.0, "percent_covered_display": "100", "missing_lines": 0, "excluded_lines": 0, "percent_statements_covered": 100.0, "percent_statements_covered_display": "100"}, "missing_lines": [], "excluded_lines": [], "start_line": 19}, "Telemetry.snapshot": {"executed_lines": [], "summary": {"covered_lines": 0, "num_statements": 4, "percent_covered": 0.0, "percent_covered_display": "0", "missing_lines": 4, "excluded_lines": 0, "percent_statements_covered": 0.0, "percent_statements_covered_display": "0"}, "missing_lines": [25, 26, 27, 28], "excluded_lines": [], "start_line": 24}, "Telemetry.prometheus": {"executed_lines": [], "summary": {"covered_lines": 0, "num_statements": 4, "percent_covered": 0.0, "percent_covered_display": "0", "missing_lines": 4, "excluded_lines": 0, "percent_statements_covered": 0.0, "percent_statements_covered_display": "0"}, "missing_lines": [34, 35, 36, 37], "excluded_lines": [], "start_line": 33}, "timed.__init__": {"executed_lines": [42], "summary": {"covered_lines": 1, "num_statements": 1, "percent_covered": 100.0, "percent_covered_display": "100", "missing_lines": 0, "excluded_lines": 0, "percent_statements_covered": 100.0, "percent_statements_covered_display": "100"}, "missing_lines": [], "excluded_lines": [], "start_line": 41}, "timed.__enter__": {"executed_lines": [45], "summary": {"covered_lines": 1, "num_statements": 1, "percent_covered": 100.0, "percent_covered_display": "100", "missing_lines": 0, "excluded_lines": 0, "percent_statements_covered": 100.0, "percent_statements_covered_display": "100"}, "missing_lines": [], "excluded_lines": [], "start_line": 44}, "timed.__exit__": {"executed_lines": [48], "summary": {"covered_lines": 1, "num_statements": 1, "percent_covered": 100.0, "percent_covered_display": "100", "missing_lines": 0, "excluded_lines": 0, "percent_statements_covered": 100.0, "percent_statements_covered_display": "100"}, "missing_lines": [], "excluded_lines": [], "start_line": 47}, "": {"executed_lines": [1, 3, 4, 5, 6, 9, 10, 15, 19, 24, 33, 40, 41, 44, 47], "summary": {"covered_lines": 15, "num_statements": 15, "percent_covered": 100.0, "percent_covered_display": "100", "missing_lines": 0, "excluded_lines": 0, "percent_statements_covered": 100.0, "percent_statements_covered_display": "100"}, "missing_lines": [], "excluded_lines": [], "start_line": 1}}, "classes": {"Telemetry": {"executed_lines": [11, 12, 13, 16, 17, 20, 21, 22], "summary": {"covered_lines": 8, "num_statements": 16, "percent_covered": 50.0, "percent_covered_display": "50", "missing_lines": 8, "excluded_lines": 0, "percent_statements_covered": 50.0, "percent_statements_covered_display": "50"}, "missing_lines": [25, 26, 27, 28, 34, 35, 36, 37], "excluded_lines": [], "start_line": 9}, "timed": {"executed_lines": [42, 45, 48], "summary": {"covered_lines": 3, "num_statements": 3, "percent_covered": 100.0, "percent_covered_display": "100", "missing_lines": 0, "excluded_lines": 0, "percent_statements_covered": 100.0, "percent_statements_covered_display": "100"}, "missing_lines": [], "excluded_lines": [], "start_line": 40}, "": {"executed_lines": [1, 3, 4, 5, 6, 9, 10, 15, 19, 24, 33, 40, 41, 44, 47], "summary": {"covered_lines": 15, "num_statements": 15, "percent_covered": 100.0, "percent_covered_display": "100", "missing_lines": 0, "excluded_lines": 0, "percent_statements_covered": 100.0, "percent_statements_covered_display": "100"}, "missing_lines": [], "excluded_lines": [], "start_line": 1}}}}, "totals": {"covered_lines": 2622, "num_statements": 2925, "percent_covered": 89.64102564102564, "percent_covered_display": "90", "missing_lines": 303, "excluded_lines": 0, "percent_statements_covered": 89.64102564102564, "percent_statements_covered_display": "90"}}